[2013-03-16 09:26:46] START
[2013-03-16 09:26:46] EDIT welcome/controllers/default.py: 2
[2013-11-05 01:09:36] EDIT Test/models/db.py: 4
[2013-11-05 01:09:57] EDIT Test/models/db.py: 0
[2013-11-05 01:10:11] EDIT Test/models/db.py: 0
[2013-11-05 01:11:36] EDIT Test/views/default/index.html: -25
[2013-11-05 01:12:49] EDIT Test/views/default/index.html: 1
[2013-11-05 01:13:57] CREATE ctrl.py: 0
[2013-11-05 01:14:57] EDIT Test/controllers/ctrl.py: 0
[2013-11-05 01:15:31] CREATE ctrl.html: 0
[2013-11-09 12:53:40] EDIT BookSharing/views/default/index.html: 5
[2013-11-09 12:55:21] EDIT BookSharing/views/default/index.html: 4
[2013-11-09 12:56:01] EDIT BookSharing/views/default/index.html: 0
[2013-11-09 12:56:35] EDIT BookSharing/views/default/index.html: 2
[2013-11-09 12:57:58] EDIT BookSharing/views/default/index.html: 3
[2013-11-09 12:58:23] EDIT BookSharing/views/default/index.html: 0
[2013-11-09 12:58:42] EDIT BookSharing/views/default/index.html: 1
[2013-11-09 12:58:54] EDIT BookSharing/views/default/index.html: 0
[2013-11-09 13:24:03] EDIT BookSharing/views/default/index.html: 1
[2013-11-09 13:24:19] EDIT BookSharing/views/default/index.html: 0
[2013-11-09 13:24:36] EDIT BookSharing/views/default/index.html: -1
[2013-11-09 19:40:42] EDIT BookSharing/models/menu.py: -106
[2013-11-09 19:41:31] EDIT BookSharing/models/menu.py: 1
[2013-11-09 19:48:25] EDIT BookSharing/views/default/user.html: -5
[2013-11-09 19:50:53] EDIT BookSharing/models/menu.py: -2
[2013-11-09 19:53:14] EDIT BookSharing/views/default/index.html: -21
[2013-11-09 19:53:49] EDIT BookSharing/views/default/index.html: -1
[2013-11-09 19:55:56] EDIT BookSharing/models/menu.py: 0
[2013-11-09 19:59:34] EDIT BookSharing/controllers/default.py: 2
[2013-11-09 20:00:47] EDIT BookSharing/controllers/default.py: 0
[2013-11-09 20:02:54] EDIT BookSharing/views/home.html: 0
[2013-11-09 20:04:56] EDIT BookSharing/views/default/home.html: -3
[2013-11-09 20:06:24] EDIT BookSharing/views/default/user.html: -18
[2013-11-09 20:06:46] EDIT BookSharing/views/default/user.html: 18
[2013-11-09 20:11:26] EDIT BookSharing/views/layout.html: -4
[2013-11-09 20:17:53] EDIT BookSharing/models/menu.py: 0
[2013-11-09 20:39:14] EDIT BookSharing/controllers/default.py: -1
[2013-11-09 20:39:36] EDIT BookSharing/controllers/default.py: 0
[2013-11-09 20:40:55] EDIT BookSharing/controllers/default.py: 2
[2013-11-09 20:42:54] EDIT BookSharing/controllers/default.py: 0
[2013-11-09 20:42:56] EDIT BookSharing/controllers/default.py: 0
[2013-11-09 20:45:29] EDIT BookSharing/controllers/default.py: 0
[2013-11-09 20:47:57] EDIT BookSharing/models/db.py: 1
[2013-11-09 20:50:21] EDIT BookSharing/controllers/default.py: -1
[2013-11-09 20:50:52] EDIT BookSharing/models/db.py: 0
[2013-11-09 20:52:29] EDIT BookSharing/models/db.py: -1
[2013-11-09 20:55:17] EDIT BookSharing/views/layout.html: -1
[2013-11-09 20:56:38] EDIT BookSharing/views/default/home.html: 17
[2013-11-09 20:59:11] EDIT BookSharing/views/default/home.html: 1
[2013-11-09 20:59:39] EDIT BookSharing/views/default/home.html: -12
[2013-11-09 21:00:52] EDIT BookSharing/views/default/home.html: 1
[2013-11-09 21:01:24] EDIT BookSharing/views/default/home.html: -1
[2013-11-09 21:03:10] EDIT BookSharing/views/default/home.html: 1
[2013-11-09 21:05:09] EDIT BookSharing/models/db.py: 1
[2013-11-09 21:08:57] EDIT BookSharing/views/default/home.html: 5
[2013-11-09 21:09:15] EDIT BookSharing/views/default/home.html: 0
[2013-11-09 21:09:30] EDIT BookSharing/views/default/home.html: 0
[2013-11-09 21:15:38] EDIT BookSharing/controllers/default.py: 3
[2013-11-09 21:25:12] EDIT BookSharing/controllers/default.py: 3
[2013-11-09 21:25:54] EDIT BookSharing/controllers/default.py: -3
[2013-11-09 21:26:32] EDIT BookSharing/controllers/default.py: 3
[2013-11-09 21:26:59] EDIT BookSharing/controllers/default.py: 1
[2013-11-09 21:28:25] EDIT BookSharing/controllers/default.py: 0
[2013-11-09 21:29:15] EDIT BookSharing/controllers/default.py: 1
[2013-11-09 21:30:04] EDIT BookSharing/controllers/default.py: 0
[2013-11-09 21:30:51] EDIT BookSharing/views/default/home.html: 1
[2013-11-09 21:31:30] EDIT BookSharing/controllers/default.py: 0
[2013-11-09 21:32:14] EDIT BookSharing/controllers/default.py: 0
[2013-11-09 21:36:58] EDIT BookSharing/controllers/default.py: -1
[2013-11-09 21:39:06] EDIT BookSharing/controllers/default.py: -2
[2013-11-09 21:39:20] EDIT BookSharing/controllers/default.py: 0
[2013-11-09 21:39:33] EDIT BookSharing/controllers/default.py: 0
[2013-11-09 21:39:48] EDIT BookSharing/controllers/default.py: 0
[2013-11-09 21:40:21] EDIT BookSharing/controllers/default.py: 0
[2013-11-09 21:40:27] EDIT BookSharing/controllers/default.py: 0
[2013-11-09 21:40:57] EDIT BookSharing/controllers/default.py: 0
[2013-11-09 21:41:03] EDIT BookSharing/controllers/default.py: 0
[2013-11-09 21:41:11] EDIT BookSharing/controllers/default.py: 0
[2013-11-09 21:41:15] EDIT BookSharing/controllers/default.py: 0
[2013-11-09 21:41:25] EDIT BookSharing/controllers/default.py: 0
[2013-11-09 21:41:32] EDIT BookSharing/controllers/default.py: -1
[2013-11-09 21:41:52] EDIT BookSharing/controllers/default.py: 1
[2013-11-09 21:42:02] EDIT BookSharing/controllers/default.py: 0
[2013-11-09 21:42:15] EDIT BookSharing/controllers/default.py: 0
[2013-11-09 21:43:37] EDIT BookSharing/controllers/default.py: 0
[2013-11-09 21:44:34] EDIT BookSharing/controllers/default.py: 2
[2013-11-09 21:45:56] EDIT BookSharing/views/default/home.html: 0
[2013-11-09 21:47:08] EDIT BookSharing/controllers/default.py: 0
[2013-11-09 21:47:30] EDIT BookSharing/controllers/default.py: 0
[2013-11-09 21:48:32] EDIT BookSharing/controllers/default.py: 0
[2013-11-09 21:49:26] EDIT BookSharing/controllers/default.py: 0
[2013-11-09 21:49:53] EDIT BookSharing/controllers/default.py: 0
[2013-11-09 21:49:58] EDIT BookSharing/controllers/default.py: 0
[2013-11-09 21:51:07] EDIT BookSharing/controllers/default.py: 0
[2013-11-09 21:51:26] EDIT BookSharing/controllers/default.py: 0
[2013-11-09 21:51:50] EDIT BookSharing/controllers/default.py: 0
[2013-11-09 21:52:33] EDIT BookSharing/controllers/default.py: 0
[2013-11-09 21:53:19] EDIT BookSharing/controllers/default.py: 0
[2013-11-09 21:53:32] EDIT BookSharing/controllers/default.py: 0
[2013-11-09 21:53:40] EDIT BookSharing/controllers/default.py: 0
[2013-11-09 21:54:05] EDIT BookSharing/controllers/default.py: 0
[2013-11-09 21:56:14] EDIT BookSharing/controllers/default.py: 3
[2013-11-09 21:56:31] EDIT BookSharing/views/default/home.html: 0
[2013-11-09 21:57:46] EDIT BookSharing/controllers/default.py: 0
[2013-11-09 21:58:20] EDIT BookSharing/controllers/default.py: 0
[2013-11-09 21:59:07] EDIT BookSharing/views/default/home.html: 1
[2013-11-09 22:00:30] EDIT BookSharing/controllers/default.py: 1
[2013-11-09 22:01:03] EDIT BookSharing/views/default/home.html: 0
[2013-11-09 22:01:40] EDIT BookSharing/views/default/home.html: 0
[2013-11-09 22:02:01] EDIT BookSharing/views/default/home.html: 0
[2013-11-09 22:06:25] EDIT BookSharing/controllers/default.py: 5
[2013-11-09 22:06:43] EDIT BookSharing/controllers/default.py: 0
[2013-11-09 22:07:01] EDIT BookSharing/controllers/default.py: 0
[2013-11-09 22:08:22] EDIT BookSharing/controllers/default.py: 0
[2013-11-09 22:08:40] EDIT BookSharing/controllers/default.py: 5
[2013-11-09 22:10:15] EDIT BookSharing/controllers/default.py: 0
[2013-11-09 22:31:21] EDIT BookSharing/controllers/default.py: -1
[2013-11-09 22:32:23] EDIT BookSharing/views/default/home.html: 0
[2013-11-09 22:34:23] EDIT BookSharing/views/default/home.html: 0
[2013-11-09 22:36:03] EDIT BookSharing/views/default/register.html: 1
[2013-11-09 22:36:43] EDIT BookSharing/views/default/home.html: 0
[2013-11-09 22:37:23] EDIT BookSharing/controllers/default.py: 2
[2013-11-09 22:41:50] EDIT BookSharing/views/default/register.html: 9
[2013-11-09 22:42:16] EDIT BookSharing/views/default/register.html: 0
[2013-11-09 22:42:38] EDIT BookSharing/views/default/register.html: 0
[2013-11-09 22:43:18] EDIT BookSharing/views/default/register.html: 1
[2013-11-09 22:44:04] EDIT BookSharing/views/default/register.html: 2
[2013-11-09 22:46:00] EDIT BookSharing/views/default/register.html: 2
[2013-11-09 22:46:17] EDIT BookSharing/views/default/register.html: 0
[2013-11-09 22:55:31] EDIT BookSharing/controllers/default.py: -5
[2013-11-09 22:55:57] EDIT BookSharing/controllers/default.py: 5
[2013-11-09 22:57:08] EDIT BookSharing/controllers/default.py: 0
[2013-11-09 23:02:23] EDIT BookSharing/controllers/default.py: 3
[2013-11-09 23:02:32] EDIT BookSharing/controllers/default.py: 1
[2013-11-09 23:02:38] EDIT BookSharing/controllers/default.py: 0
[2013-11-09 23:04:25] EDIT BookSharing/controllers/default.py: 0
[2013-11-09 23:05:33] EDIT BookSharing/controllers/default.py: 0
[2013-11-09 23:07:37] EDIT BookSharing/controllers/default.py: 1
[2013-11-09 23:07:51] EDIT BookSharing/views/default/register.html: 0
[2013-11-09 23:09:42] EDIT BookSharing/controllers/default.py: 0
[2013-11-09 23:09:57] EDIT BookSharing/views/default/register.html: 0
[2013-11-09 23:14:41] EDIT BookSharing/views/layout.html: 3
[2013-11-09 23:15:12] EDIT BookSharing/views/layout.html: 0
[2013-11-09 23:15:32] EDIT BookSharing/views/layout.html: 0
[2013-11-09 23:15:51] EDIT BookSharing/views/layout.html: 0
[2013-11-09 23:16:11] EDIT BookSharing/views/layout.html: 0
[2013-11-09 23:16:45] EDIT BookSharing/controllers/default.py: 2
[2013-11-09 23:17:39] EDIT BookSharing/controllers/default.py: 1
[2013-11-09 23:18:30] EDIT BookSharing/controllers/default.py: 0
[2013-11-09 23:18:59] EDIT BookSharing/controllers/default.py: 0
[2013-11-09 23:20:08] EDIT BookSharing/controllers/default.py: 0
[2013-11-09 23:20:31] EDIT BookSharing/controllers/default.py: 1
[2013-11-09 23:22:27] EDIT BookSharing/controllers/default.py: 0
[2013-11-09 23:23:01] EDIT BookSharing/views/default/home.html: 0
[2013-11-09 23:23:19] EDIT BookSharing/controllers/default.py: 0
[2013-11-09 23:30:46] EDIT BookSharing/controllers/default.py: 0
[2013-11-09 23:31:16] EDIT BookSharing/models/db.py: 1
[2013-11-09 23:31:44] EDIT BookSharing/models/db.py: 0
[2013-11-09 23:35:56] EDIT BookSharing/views/default/register.html: 4
[2013-11-09 23:36:25] EDIT BookSharing/views/default/register.html: 1
[2013-11-09 23:36:28] EDIT BookSharing/views/default/register.html: 0
[2013-11-09 23:37:00] EDIT BookSharing/views/default/register.html: 0
[2013-11-09 23:37:48] EDIT BookSharing/views/default/register.html: 0
[2013-11-09 23:38:36] EDIT BookSharing/views/default/register.html: 0
[2013-11-09 23:39:14] EDIT BookSharing/views/default/register.html: 1
[2013-11-09 23:39:30] EDIT BookSharing/views/default/register.html: 0
[2013-11-09 23:46:46] EDIT BookSharing/views/layout.html: -1
[2013-11-09 23:47:21] EDIT BookSharing/views/layout.html: 1
[2013-11-09 23:48:33] EDIT BookSharing/views/layout.html: 1
[2013-11-09 23:49:37] EDIT BookSharing/views/layout.html: 0
[2013-11-09 23:50:26] EDIT BookSharing/views/layout.html: 0
[2013-11-09 23:50:46] EDIT BookSharing/views/layout.html: 0
[2013-11-09 23:52:24] EDIT BookSharing/views/layout.html: 0
[2013-11-09 23:52:49] EDIT BookSharing/views/layout.html: 0
[2013-11-09 23:53:46] EDIT BookSharing/views/layout.html: -1
[2013-11-09 23:54:11] EDIT BookSharing/views/layout.html: 0
[2013-11-09 23:55:20] EDIT BookSharing/views/layout.html: 0
[2013-11-09 23:56:30] EDIT BookSharing/views/layout.html: 0
[2013-11-09 23:56:34] EDIT BookSharing/views/layout.html: 0
[2013-11-09 23:56:48] EDIT BookSharing/views/layout.html: 0
[2013-11-09 23:59:25] EDIT BookSharing/controllers/default.py: 0
[2013-11-10 00:06:58] EDIT BookSharing/models/db.py: 0
[2013-11-10 00:07:27] EDIT BookSharing/controllers/default.py: 4
[2013-11-10 00:07:40] EDIT BookSharing/controllers/default.py: 0
[2013-11-10 00:08:57] EDIT BookSharing/controllers/default.py: 0
[2013-11-10 00:16:01] EDIT BookSharing/controllers/default.py: 0
[2013-11-10 00:17:38] EDIT BookSharing/controllers/default.py: 0
[2013-11-10 00:18:14] EDIT BookSharing/controllers/default.py: 0
[2013-11-10 00:19:43] EDIT BookSharing/controllers/default.py: 0
[2013-11-10 00:22:31] EDIT BookSharing/controllers/default.py: 0
[2013-11-10 00:25:25] EDIT BookSharing/controllers/default.py: 1
[2013-11-10 00:26:15] EDIT BookSharing/views/default/register.html: 0
[2013-11-10 00:26:22] EDIT BookSharing/controllers/default.py: 0
[2013-11-10 00:27:07] EDIT BookSharing/controllers/default.py: 0
[2013-11-10 00:27:56] EDIT BookSharing/views/default/register.html: 0
[2013-11-10 00:30:24] EDIT BookSharing/controllers/default.py: 2
[2013-11-10 00:30:39] EDIT BookSharing/views/default/status.html: 0
[2013-11-10 00:32:26] EDIT BookSharing/controllers/default.py: 2
[2013-11-10 00:36:38] EDIT BookSharing/controllers/default.py: 0
[2013-11-10 00:38:39] EDIT BookSharing/controllers/default.py: 0
[2013-11-10 00:39:00] EDIT BookSharing/controllers/default.py: 2
[2013-11-10 00:41:02] EDIT BookSharing/views/default/home.html: 0
[2013-11-10 00:43:52] EDIT BookSharing/views/default/home.html: 1
[2013-11-10 00:45:09] EDIT BookSharing/views/default/home.html: 0
[2013-11-10 00:46:21] EDIT BookSharing/controllers/default.py: -1
[2013-11-10 00:47:03] EDIT BookSharing/views/default/home.html: 0
[2013-11-10 00:47:21] EDIT BookSharing/views/default/home.html: -1
[2013-11-10 00:47:30] EDIT BookSharing/views/default/home.html: 1
[2013-11-10 00:47:53] EDIT BookSharing/views/default/home.html: -1
[2013-11-10 00:48:25] EDIT BookSharing/views/default/home.html: -2
[2013-11-10 00:49:20] EDIT BookSharing/controllers/default.py: 0
[2013-11-10 11:37:56] EDIT BookSharing/controllers/default.py: 1
[2013-11-10 11:40:27] EDIT BookSharing/controllers/default.py: 0
[2013-11-10 11:42:09] EDIT BookSharing/controllers/default.py: 0
[2013-11-10 11:46:45] EDIT BookSharing/controllers/default.py: 0
[2013-11-10 11:47:57] EDIT BookSharing/controllers/default.py: 0
[2013-11-10 11:49:27] EDIT BookSharing/controllers/default.py: 0
[2013-11-10 11:50:01] EDIT BookSharing/controllers/default.py: 0
[2013-11-10 12:00:21] EDIT BookSharing/controllers/default.py: 0
[2013-11-10 12:01:03] EDIT BookSharing/controllers/default.py: 0
[2013-11-10 12:03:00] EDIT BookSharing/controllers/default.py: 1
[2013-11-10 12:03:42] EDIT BookSharing/controllers/default.py: 0
[2013-11-10 12:04:33] EDIT BookSharing/controllers/default.py: 1
[2013-11-10 12:09:17] EDIT BookSharing/models/db.py: 0
[2013-11-10 12:09:48] EDIT BookSharing/models/db.py: 0
[2013-11-10 12:10:34] EDIT BookSharing/models/db.py: 0
[2013-11-10 12:10:52] EDIT BookSharing/models/db.py: 0
[2013-11-10 12:10:57] EDIT BookSharing/models/db.py: 0
[2013-11-10 12:12:07] EDIT BookSharing/models/db.py: 0
[2013-11-10 12:13:18] EDIT BookSharing/controllers/default.py: 0
[2013-11-10 12:13:35] EDIT BookSharing/views/default/home.html: 1
[2013-11-10 12:14:08] EDIT BookSharing/views/default/home.html: 0
[2013-11-10 12:14:40] EDIT BookSharing/controllers/default.py: 0
[2013-11-10 12:14:52] EDIT BookSharing/views/default/home.html: 0
[2013-11-10 12:15:27] EDIT BookSharing/views/default/home.html: 1
[2013-11-10 12:16:24] EDIT BookSharing/controllers/default.py: 1
[2013-11-10 12:17:39] EDIT BookSharing/controllers/default.py: -1
[2013-11-10 12:42:19] EDIT BookSharing/controllers/default.py: 1
[2013-11-10 12:44:34] EDIT BookSharing/controllers/default.py: -1
[2013-11-10 12:44:59] EDIT BookSharing/views/default/library.html: 2
[2013-11-10 12:45:11] EDIT BookSharing/controllers/default.py: 0
[2013-11-10 12:46:53] EDIT BookSharing/models/db.py: -4
[2013-11-10 12:48:18] EDIT BookSharing/controllers/default.py: 0
[2013-11-10 12:50:53] EDIT BookSharing/controllers/default.py: 0
[2013-11-10 12:54:12] EDIT BookSharing/controllers/default.py: 1
[2013-11-10 12:54:34] EDIT BookSharing/controllers/default.py: 0
[2013-11-10 13:12:43] EDIT BookSharing/views/default/home.html: 1
[2013-11-10 13:16:32] EDIT BookSharing/views/default/home.html: 0
[2013-11-10 13:17:20] EDIT BookSharing/views/default/home.html: 0
[2013-11-10 13:17:54] EDIT BookSharing/views/default/home.html: 0
[2013-11-10 13:18:19] EDIT BookSharing/views/default/home.html: 0
[2013-11-10 13:22:05] EDIT BookSharing/views/default/home.html: 1
[2013-11-10 13:22:16] EDIT BookSharing/views/default/home.html: 0
[2013-11-10 13:22:29] EDIT BookSharing/views/default/home.html: -1
[2013-11-10 13:23:53] EDIT BookSharing/views/default/home.html: 0
[2013-11-10 13:24:35] EDIT BookSharing/views/default/home.html: 0
[2013-11-10 13:25:57] EDIT BookSharing/views/default/home.html: -1
[2013-11-10 13:30:15] EDIT BookSharing/views/default/home.html: 1
[2013-11-10 13:31:42] EDIT BookSharing/views/default/home.html: -1
[2013-11-10 13:34:31] EDIT BookSharing/models/db.py: 0
[2013-11-10 13:34:38] EDIT BookSharing/models/db.py: 0
[2013-11-10 13:38:59] EDIT BookSharing/views/default/library.html: 4
[2013-11-10 13:39:47] EDIT BookSharing/views/default/library.html: 17
[2013-11-10 13:48:30] EDIT BookSharing/models/db.py: 0
[2013-11-10 14:07:07] EDIT BookSharing/controllers/default.py: 2
[2013-11-10 14:08:26] EDIT BookSharing/views/default/test.html: 0
[2013-11-10 14:17:55] EDIT BookSharing/views/default/library.html: 1
[2013-11-10 14:19:01] EDIT BookSharing/views/default/library.html: -1
[2013-11-10 14:19:23] EDIT BookSharing/views/default/library.html: 1
[2013-11-10 14:19:41] EDIT BookSharing/views/default/library.html: 0
[2013-11-10 14:21:43] EDIT BookSharing/views/default/library.html: 1
[2013-11-10 14:22:03] EDIT BookSharing/views/default/library.html: 0
[2013-11-10 14:23:35] EDIT BookSharing/views/default/library.html: 0
[2013-11-10 14:23:57] EDIT BookSharing/views/default/library.html: -1
[2013-11-10 14:26:55] EDIT BookSharing/views/default/library.html: -1
[2013-11-10 14:27:07] EDIT BookSharing/views/default/library.html: 0
[2013-11-10 14:29:42] EDIT BookSharing/views/default/library.html: 3
[2013-11-10 14:30:05] EDIT BookSharing/views/default/library.html: 0
[2013-11-10 14:35:26] EDIT BookSharing/views/default/library.html: 5
[2013-11-10 14:38:05] EDIT BookSharing/views/default/library.html: 1
[2013-11-10 14:39:18] EDIT BookSharing/views/default/library.html: 0
[2013-11-10 14:39:57] EDIT BookSharing/views/default/library.html: -1
[2013-11-10 14:40:34] EDIT BookSharing/views/default/library.html: 1
[2013-11-10 14:40:50] EDIT BookSharing/views/default/library.html: 0
[2013-11-10 14:41:07] EDIT BookSharing/views/default/library.html: 0
[2013-11-10 14:45:23] EDIT BookSharing/views/default/library.html: 2
[2013-11-10 14:45:43] EDIT BookSharing/views/default/library.html: 0
[2013-11-10 14:45:51] EDIT BookSharing/views/default/library.html: 0
[2013-11-10 14:46:09] EDIT BookSharing/views/default/library.html: 0
[2013-11-10 14:51:29] EDIT BookSharing/views/default/library.html: 26
[2013-11-10 14:51:52] EDIT BookSharing/views/default/library.html: 3
[2013-11-10 14:52:54] EDIT BookSharing/views/default/library.html: 0
[2013-11-10 14:53:40] EDIT BookSharing/views/default/library.html: 2
[2013-11-10 14:54:37] EDIT BookSharing/views/default/library.html: 0
[2013-11-10 14:54:59] EDIT BookSharing/views/default/library.html: 0
[2013-11-10 14:56:49] EDIT BookSharing/views/default/library.html: -2
[2013-11-10 14:57:14] EDIT BookSharing/views/default/library.html: 0
[2013-11-10 14:59:48] EDIT BookSharing/views/default/library.html: -1
[2013-11-10 15:00:24] EDIT BookSharing/views/default/library.html: 6
[2013-11-10 15:01:35] EDIT BookSharing/views/default/library.html: 4
[2013-11-10 15:02:03] EDIT BookSharing/views/default/library.html: 0
[2013-11-10 15:03:25] EDIT BookSharing/views/default/library.html: 2
[2013-11-10 15:03:50] EDIT BookSharing/views/default/library.html: 1
[2013-11-10 15:04:43] EDIT BookSharing/views/default/library.html: 0
[2013-11-10 15:05:17] EDIT BookSharing/views/default/library.html: 0
[2013-11-10 15:06:49] EDIT BookSharing/views/default/library.html: 0
[2013-11-10 15:07:12] EDIT BookSharing/views/default/library.html: 0
[2013-11-10 15:08:17] EDIT BookSharing/views/default/library.html: 0
[2013-11-10 15:10:14] EDIT BookSharing/views/default/library.html: 2
[2013-11-10 15:10:38] EDIT BookSharing/views/default/library.html: 0
[2013-11-10 15:11:16] EDIT BookSharing/views/default/library.html: 0
[2013-11-10 15:11:38] EDIT BookSharing/views/default/library.html: 0
[2013-11-10 15:12:10] EDIT BookSharing/views/default/library.html: 0
[2013-11-10 15:12:46] EDIT BookSharing/views/default/library.html: 0
[2013-11-10 15:13:26] EDIT BookSharing/views/default/library.html: 1
[2013-11-10 15:14:01] EDIT BookSharing/views/default/library.html: 1
[2013-11-10 15:15:58] EDIT BookSharing/views/default/library.html: 0
[2013-11-10 15:17:00] EDIT BookSharing/views/default/library.html: 0
[2013-11-10 15:17:16] EDIT BookSharing/views/default/library.html: 0
[2013-11-10 15:17:32] EDIT BookSharing/views/default/library.html: 0
[2013-11-10 15:18:16] EDIT BookSharing/views/default/library.html: 0
[2013-11-10 15:19:01] EDIT BookSharing/views/default/library.html: 0
[2013-11-10 15:19:27] EDIT BookSharing/views/default/library.html: 0
[2013-11-10 15:20:03] EDIT BookSharing/views/default/library.html: 0
[2013-11-10 15:26:03] EDIT BookSharing/views/default/library.html: -2
[2013-11-10 15:27:09] EDIT BookSharing/views/default/library.html: 0
[2013-11-10 15:27:56] EDIT BookSharing/views/default/library.html: 0
[2013-11-10 15:28:15] EDIT BookSharing/views/default/library.html: 0
[2013-11-10 15:29:17] EDIT BookSharing/views/default/library.html: 0
[2013-11-10 15:29:35] EDIT BookSharing/views/default/library.html: 0
[2013-11-10 15:29:58] EDIT BookSharing/views/default/library.html: 0
[2013-11-10 15:30:15] EDIT BookSharing/views/default/library.html: 0
[2013-11-10 15:30:31] EDIT BookSharing/views/default/library.html: 0
[2013-11-10 15:31:11] EDIT BookSharing/views/default/library.html: 0
[2013-11-10 15:31:33] EDIT BookSharing/views/default/library.html: 0
[2013-11-10 15:31:54] EDIT BookSharing/views/default/library.html: 0
[2013-11-10 15:32:13] EDIT BookSharing/views/default/library.html: 0
[2013-11-10 15:32:53] EDIT BookSharing/views/default/library.html: 0
[2013-11-10 15:33:58] EDIT BookSharing/views/default/library.html: 0
[2013-11-10 15:34:25] EDIT BookSharing/views/default/library.html: 0
[2013-11-10 15:34:41] EDIT BookSharing/views/default/library.html: 0
[2013-11-10 15:35:14] EDIT BookSharing/views/default/library.html: 1
[2013-11-10 15:35:43] EDIT BookSharing/views/default/library.html: -3
[2013-11-10 15:36:22] EDIT BookSharing/views/default/library.html: 1
[2013-11-10 15:36:38] EDIT BookSharing/views/default/library.html: 0
[2013-11-10 15:40:19] EDIT BookSharing/views/default/library.html: 0
[2013-11-10 15:40:43] EDIT BookSharing/views/default/library.html: 3
[2013-11-10 15:47:07] EDIT BookSharing/views/default/library.html: 1
[2013-11-10 15:47:38] EDIT BookSharing/controllers/default.py: 2
[2013-11-10 15:47:48] EDIT BookSharing/controllers/default.py: 0
[2013-11-10 15:48:42] EDIT BookSharing/views/default/library.html: -1
[2013-11-10 15:49:35] EDIT BookSharing/views/default/library.html: 0
[2013-11-10 15:49:53] EDIT BookSharing/controllers/default.py: 0
[2013-11-10 15:51:25] EDIT BookSharing/controllers/default.py: -2
[2013-11-10 15:52:57] EDIT BookSharing/views/default/library.html: 3
[2013-11-10 15:53:16] EDIT BookSharing/views/default/library.html: 0
[2013-11-10 15:53:19] EDIT BookSharing/views/default/library.html: 0
[2013-11-10 16:03:34] EDIT BookSharing/views/default/library.html: 2
[2013-11-10 16:04:27] EDIT BookSharing/controllers/default.py: 0
[2013-11-10 16:04:52] EDIT BookSharing/views/default/library.html: 0
[2013-11-10 16:05:20] EDIT BookSharing/views/default/library.html: 0
[2013-11-10 16:06:51] EDIT BookSharing/views/default/library.html: 0
[2013-11-10 16:09:26] EDIT BookSharing/views/default/library.html: 0
[2013-11-10 16:10:48] EDIT BookSharing/controllers/default.py: 0
[2013-11-10 16:11:46] EDIT BookSharing/controllers/default.py: 0
[2013-11-10 16:13:15] EDIT BookSharing/controllers/default.py: 0
[2013-11-10 16:16:00] EDIT BookSharing/controllers/default.py: 0
[2013-11-10 16:16:47] EDIT BookSharing/controllers/default.py: 1
[2013-11-10 16:17:23] EDIT BookSharing/controllers/default.py: 0
[2013-11-10 20:35:32] EDIT BookSharing/views/default/library.html: 0
[2013-11-10 20:37:11] EDIT BookSharing/views/default/library.html: 0
[2013-11-10 20:44:15] EDIT BookSharing/models/db.py: 1
[2013-11-10 20:48:29] EDIT BookSharing/controllers/default.py: -1
[2013-11-10 20:49:30] EDIT BookSharing/controllers/default.py: 1
[2013-11-10 20:50:07] EDIT BookSharing/controllers/default.py: 1
[2013-11-10 20:51:04] EDIT BookSharing/controllers/default.py: 1
[2013-11-10 20:52:25] EDIT BookSharing/models/db.py: 0
[2013-11-10 20:52:26] EDIT BookSharing/models/db.py: 0
[2013-11-10 20:52:26] EDIT BookSharing/models/db.py: 0
[2013-11-10 20:52:27] EDIT BookSharing/models/db.py: 0
[2013-11-10 20:56:08] EDIT BookSharing/models/db.py: 0
[2013-11-10 20:57:15] EDIT BookSharing/models/db.py: 0
[2013-11-10 20:59:10] EDIT BookSharing/controllers/default.py: 1
[2013-11-10 20:59:53] EDIT BookSharing/controllers/default.py: 0
[2013-11-10 21:00:25] EDIT BookSharing/controllers/default.py: 2
[2013-11-10 21:01:10] EDIT BookSharing/controllers/default.py: 0
[2013-11-10 21:01:18] EDIT BookSharing/controllers/default.py: 0
[2013-11-10 21:02:06] EDIT BookSharing/controllers/default.py: 0
[2013-11-10 21:02:17] EDIT BookSharing/controllers/default.py: 0
[2013-11-10 21:02:31] EDIT BookSharing/controllers/default.py: 0
[2013-11-10 21:02:40] EDIT BookSharing/controllers/default.py: 0
[2013-11-10 21:02:42] EDIT BookSharing/controllers/default.py: 0
[2013-11-10 21:10:09] EDIT BookSharing/controllers/default.py: 0
[2013-11-10 21:12:31] EDIT BookSharing/views/default/library.html: 3
[2013-11-10 21:12:32] EDIT BookSharing/views/default/library.html: 0
[2013-11-10 21:12:41] EDIT BookSharing/views/default/library.html: 2
[2013-11-10 21:13:37] EDIT BookSharing/controllers/default.py: 1
[2013-11-10 21:14:03] EDIT BookSharing/controllers/default.py: 0
[2013-11-10 21:15:13] EDIT BookSharing/controllers/default.py: 1
[2013-11-10 21:15:51] EDIT BookSharing/controllers/default.py: -1
[2013-11-10 21:17:13] EDIT BookSharing/controllers/default.py: 0
[2013-11-10 21:20:56] EDIT BookSharing/controllers/default.py: 3
[2013-11-10 21:23:30] EDIT BookSharing/controllers/default.py: -1
[2013-11-10 21:24:24] EDIT BookSharing/controllers/default.py: 0
[2013-11-10 21:24:30] EDIT BookSharing/controllers/default.py: 0
[2013-11-10 21:25:12] EDIT BookSharing/controllers/default.py: -1
[2013-11-10 21:26:00] EDIT BookSharing/controllers/default.py: 0
[2013-11-10 21:26:04] EDIT BookSharing/controllers/default.py: 0
[2013-11-10 21:26:20] EDIT BookSharing/views/default/library.html: 0
[2013-11-10 21:27:13] EDIT BookSharing/views/default/library.html: 0
[2013-11-10 21:27:42] EDIT BookSharing/views/default/library.html: -1
[2013-11-10 21:28:13] EDIT BookSharing/views/default/library.html: 0
[2013-11-10 21:28:49] EDIT BookSharing/views/default/library.html: 0
[2013-11-10 21:29:50] EDIT BookSharing/views/default/library.html: 2
[2013-11-10 21:31:04] EDIT BookSharing/controllers/default.py: 0
[2013-11-10 21:32:03] EDIT BookSharing/controllers/default.py: 2
[2013-11-10 21:32:05] EDIT BookSharing/controllers/default.py: 0
[2013-11-10 21:32:26] EDIT BookSharing/controllers/default.py: 0
[2013-11-10 21:33:27] EDIT BookSharing/controllers/default.py: 0
[2013-11-10 21:33:37] EDIT BookSharing/controllers/default.py: 0
[2013-11-10 21:34:24] EDIT BookSharing/controllers/default.py: 0
[2013-11-10 21:35:40] EDIT BookSharing/controllers/default.py: 0
[2013-11-10 21:36:06] EDIT BookSharing/controllers/default.py: 0
[2013-11-10 21:36:07] EDIT BookSharing/controllers/default.py: 0
[2013-11-10 21:36:07] EDIT BookSharing/controllers/default.py: 0
[2013-11-10 21:36:08] EDIT BookSharing/controllers/default.py: 0
[2013-11-10 21:36:08] EDIT BookSharing/controllers/default.py: 0
[2013-11-10 21:36:09] EDIT BookSharing/controllers/default.py: 0
[2013-11-10 21:36:09] EDIT BookSharing/controllers/default.py: 0
[2013-11-10 21:36:09] EDIT BookSharing/controllers/default.py: 0
[2013-11-10 21:36:46] EDIT BookSharing/controllers/default.py: -1
[2013-11-10 21:36:47] EDIT BookSharing/controllers/default.py: 0
[2013-11-10 21:36:55] EDIT BookSharing/controllers/default.py: 0
[2013-11-10 21:38:49] EDIT BookSharing/controllers/default.py: -1
[2013-11-10 21:39:12] EDIT BookSharing/controllers/default.py: 0
[2013-11-10 21:43:24] EDIT BookSharing/controllers/default.py: -1
[2013-11-10 21:43:36] EDIT BookSharing/controllers/default.py: 0
[2013-11-10 21:43:37] EDIT BookSharing/controllers/default.py: 0
[2013-11-10 21:44:03] EDIT BookSharing/controllers/default.py: 1
[2013-11-10 21:47:56] EDIT BookSharing/controllers/default.py: 0
[2013-11-10 21:47:57] EDIT BookSharing/controllers/default.py: 0
[2013-11-10 21:48:04] EDIT BookSharing/views/default/library.html: 0
[2013-11-10 21:48:04] EDIT BookSharing/views/default/library.html: 0
[2013-11-10 21:48:34] EDIT BookSharing/controllers/default.py: 1
[2013-11-10 21:48:42] EDIT BookSharing/controllers/default.py: 0
[2013-11-10 21:50:16] EDIT BookSharing/controllers/default.py: 1
[2013-11-10 21:51:55] EDIT BookSharing/controllers/default.py: 1
[2013-11-10 21:53:35] EDIT BookSharing/controllers/default.py: 0
[2013-11-10 21:53:35] EDIT BookSharing/controllers/default.py: 0
[2013-11-10 21:53:40] EDIT BookSharing/controllers/default.py: 0
[2013-11-10 21:53:40] EDIT BookSharing/controllers/default.py: 0
[2013-11-10 21:53:40] EDIT BookSharing/controllers/default.py: 0
[2013-11-10 21:56:37] EDIT BookSharing/controllers/default.py: 0
[2013-11-10 21:57:17] EDIT BookSharing/controllers/default.py: 0
[2013-11-10 21:57:38] EDIT BookSharing/controllers/default.py: 0
[2013-11-10 21:58:15] EDIT BookSharing/controllers/default.py: 0
[2013-11-10 22:00:12] EDIT BookSharing/controllers/default.py: 0
[2013-11-10 22:00:13] EDIT BookSharing/controllers/default.py: 0
[2013-11-10 22:00:24] EDIT BookSharing/controllers/default.py: 0
[2013-11-10 22:00:41] EDIT BookSharing/controllers/default.py: 0
[2013-11-10 22:01:18] EDIT BookSharing/views/default/library.html: 0
[2013-11-10 22:03:11] EDIT BookSharing/controllers/default.py: 0
[2013-11-10 22:04:02] EDIT BookSharing/controllers/default.py: 1
[2013-11-10 22:04:59] EDIT BookSharing/controllers/default.py: 0
[2013-11-10 22:04:59] EDIT BookSharing/controllers/default.py: 0
[2013-11-10 22:05:33] EDIT BookSharing/controllers/default.py: -1
[2013-11-10 22:06:24] EDIT BookSharing/controllers/default.py: 0
[2013-11-10 22:07:51] EDIT BookSharing/views/default/addRemove.html: 3
[2013-11-10 22:09:53] EDIT BookSharing/controllers/default.py: 1
[2013-11-10 22:10:03] EDIT BookSharing/views/default/addRemove.html: 1
[2013-11-10 22:10:24] EDIT BookSharing/views/default/addRemove.html: 0
[2013-11-10 22:13:40] EDIT BookSharing/controllers/default.py: 2
[2013-11-10 22:16:42] EDIT BookSharing/controllers/default.py: -2
[2013-11-10 22:17:14] EDIT BookSharing/controllers/default.py: 0
[2013-11-10 22:17:36] EDIT BookSharing/controllers/default.py: 0
[2013-11-10 22:19:24] EDIT BookSharing/views/default/addRemove.html: 2
[2013-11-10 22:19:39] EDIT BookSharing/views/default/addRemove.html: 0
[2013-11-10 22:22:18] EDIT BookSharing/controllers/default.py: 1
[2013-11-10 22:23:02] EDIT BookSharing/views/default/addRemove.html: 8
[2013-11-10 22:23:26] EDIT BookSharing/controllers/default.py: 0
[2013-11-10 23:21:42] EDIT BookSharing/controllers/default.py: 2
[2013-11-10 23:23:24] EDIT BookSharing/models/db.py: 1
[2013-11-10 23:26:11] EDIT BookSharing/controllers/default.py: 1
[2013-11-10 23:26:22] EDIT BookSharing/controllers/default.py: 0
[2013-11-10 23:27:47] EDIT BookSharing/views/default/reviews.html: 3
[2013-11-10 23:28:07] EDIT BookSharing/views/default/reviews.html: 0
[2013-11-10 23:28:17] EDIT BookSharing/views/default/reviews.html: 0
[2013-11-10 23:29:58] EDIT BookSharing/views/default/reviews.html: 3
[2013-11-10 23:37:20] EDIT BookSharing/controllers/default.py: 1
[2013-11-10 23:37:34] EDIT BookSharing/controllers/default.py: 0
[2013-11-10 23:37:55] EDIT BookSharing/views/default/reviews.html: 6
[2013-11-10 23:38:33] EDIT BookSharing/controllers/default.py: 0
[2013-11-10 23:38:48] EDIT BookSharing/controllers/default.py: 0
[2013-11-10 23:39:53] EDIT BookSharing/controllers/default.py: 0
[2013-11-10 23:40:09] EDIT BookSharing/views/default/reviews.html: 0
[2013-11-10 23:40:34] EDIT BookSharing/views/default/reviews.html: 4
[2013-11-10 23:40:40] EDIT BookSharing/views/default/reviews.html: 1
[2013-11-10 23:41:34] EDIT BookSharing/views/default/reviews.html: 1
[2013-11-10 23:42:05] EDIT BookSharing/views/default/reviews.html: 1
[2013-11-10 23:45:02] EDIT BookSharing/controllers/default.py: 0
[2013-11-10 23:46:22] EDIT BookSharing/controllers/default.py: 3
[2013-11-10 23:46:23] EDIT BookSharing/controllers/default.py: 0
[2013-11-10 23:47:16] EDIT BookSharing/controllers/default.py: 0
[2013-11-10 23:49:35] EDIT BookSharing/controllers/default.py: 2
[2013-11-10 23:51:14] EDIT BookSharing/controllers/default.py: 0
[2013-11-10 23:53:04] EDIT BookSharing/views/default/reviews.html: 2
[2013-11-10 23:53:56] EDIT BookSharing/controllers/default.py: 0
[2013-11-10 23:58:07] EDIT BookSharing/views/default/reviews.html: 0
[2013-11-10 23:59:26] EDIT BookSharing/models/db.py: 0
[2013-11-11 00:00:21] EDIT BookSharing/controllers/default.py: 0
[2013-11-11 00:02:23] EDIT BookSharing/views/default/reviews.html: 2
[2013-11-11 00:05:53] EDIT BookSharing/views/default/reviews.html: 1
[2013-11-11 00:06:19] EDIT BookSharing/views/default/reviews.html: 1
[2013-11-11 00:08:55] EDIT BookSharing/views/default/reviews.html: 0
[2013-11-11 00:10:52] EDIT BookSharing/views/default/reviews.html: 0
[2013-11-11 00:13:14] EDIT BookSharing/views/default/reviews.html: 5
[2013-11-11 00:13:35] EDIT BookSharing/views/default/reviews.html: 1
[2013-11-11 00:16:06] EDIT BookSharing/controllers/default.py: 3
[2013-11-11 00:16:10] EDIT BookSharing/controllers/default.py: 0
[2013-11-11 00:16:49] EDIT BookSharing/views/default/reviews.html: 0
[2013-11-11 00:17:16] EDIT BookSharing/views/default/reviews.html: 0
[2013-11-11 00:17:34] EDIT BookSharing/views/default/reviews.html: 0
[2013-11-11 00:17:46] EDIT BookSharing/views/default/reviews.html: 0
[2013-11-11 00:18:15] EDIT BookSharing/views/default/reviews.html: 0
[2013-11-11 00:20:34] EDIT BookSharing/views/default/reviews.html: 0
[2013-11-11 00:21:00] EDIT BookSharing/views/default/reviews.html: 0
[2013-11-11 00:22:19] EDIT BookSharing/views/default/reviews.html: 0
[2013-11-11 00:22:20] EDIT BookSharing/views/default/reviews.html: 0
[2013-11-11 00:24:01] EDIT BookSharing/views/default/reviews.html: 0
[2013-11-11 00:24:09] EDIT BookSharing/views/default/reviews.html: 0
[2013-11-11 00:24:11] EDIT BookSharing/views/default/reviews.html: 0
[2013-11-11 00:24:42] EDIT BookSharing/views/default/reviews.html: 0
[2013-11-11 00:25:50] EDIT BookSharing/views/default/reviews.html: 6
[2013-11-11 00:27:18] EDIT BookSharing/views/default/reviews.html: 0
[2013-11-11 00:27:59] EDIT BookSharing/views/default/reviews.html: 0
[2013-11-11 00:28:25] EDIT BookSharing/views/default/reviews.html: 0
[2013-11-11 00:29:06] EDIT BookSharing/views/default/reviews.html: 1
[2013-11-11 00:33:00] EDIT BookSharing/controllers/default.py: 3
[2013-11-11 00:33:09] EDIT BookSharing/controllers/default.py: 1
[2013-11-11 00:33:52] EDIT BookSharing/views/default/reviews.html: -6
[2013-11-11 00:35:15] EDIT BookSharing/views/default/reviews.html: 1
[2013-11-11 00:36:59] EDIT BookSharing/views/default/reviews.html: 0
[2013-11-11 00:41:09] EDIT BookSharing/views/default/reviews.html: 0
[2013-11-11 00:42:09] EDIT BookSharing/controllers/default.py: 2
[2013-11-11 00:50:19] EDIT BookSharing/views/default/reportAbuse.html: 4
[2013-11-11 00:50:41] EDIT BookSharing/views/default/reportAbuse.html: 0
[2013-11-11 00:51:07] EDIT BookSharing/views/default/reportAbuse.html: 0
[2013-11-11 00:51:49] EDIT BookSharing/views/default/reportAbuse.html: 1
[2013-11-11 00:52:04] EDIT BookSharing/views/default/reportAbuse.html: 0
[2013-11-11 00:52:24] EDIT BookSharing/views/default/reportAbuse.html: 0
[2013-11-11 00:54:19] EDIT BookSharing/controllers/default.py: 1
[2013-11-11 01:01:09] EDIT BookSharing/models/db.py: 1
[2013-11-11 01:01:21] EDIT BookSharing/models/db.py: 0
[2013-11-11 01:01:28] EDIT BookSharing/controllers/default.py: 0
[2013-11-11 01:02:38] EDIT BookSharing/models/db.py: 1
[2013-11-11 01:02:59] EDIT BookSharing/controllers/default.py: 1
[2013-11-11 01:04:59] EDIT BookSharing/controllers/default.py: 1
[2013-11-11 01:05:11] EDIT BookSharing/controllers/default.py: 0
[2013-11-11 01:06:22] EDIT BookSharing/views/default/reportAbuse.html: -3
[2013-11-11 01:07:03] EDIT BookSharing/controllers/default.py: 0
[2013-11-11 01:10:14] EDIT BookSharing/models/db.py: 0
[2013-11-11 01:15:18] EDIT BookSharing/controllers/default.py: 0
[2013-11-11 01:19:53] EDIT BookSharing/controllers/default.py: 3
[2013-11-11 01:20:25] EDIT BookSharing/controllers/default.py: 0
[2013-11-11 01:22:54] EDIT BookSharing/views/default/reportAbuse.html: 2
[2013-11-11 01:24:11] EDIT BookSharing/controllers/default.py: 0
[2013-11-11 01:27:52] EDIT BookSharing/controllers/default.py: 4
[2013-11-11 01:28:14] EDIT BookSharing/views/default/reportAbuse.html: 2
[2013-11-11 01:28:28] EDIT BookSharing/views/default/reportAbuse.html: 0
[2013-11-11 01:32:27] EDIT BookSharing/controllers/default.py: 2
[2013-11-11 01:32:58] EDIT BookSharing/controllers/default.py: 0
[2013-11-11 01:33:00] EDIT BookSharing/controllers/default.py: 0
[2013-11-11 01:33:28] EDIT BookSharing/controllers/default.py: 0
[2013-11-11 01:33:29] EDIT BookSharing/controllers/default.py: 0
[2013-11-11 01:33:29] EDIT BookSharing/controllers/default.py: 0
[2013-11-11 01:33:30] EDIT BookSharing/controllers/default.py: 0
[2013-11-11 01:33:45] EDIT BookSharing/controllers/default.py: 0
[2013-11-11 01:33:46] EDIT BookSharing/controllers/default.py: 0
[2013-11-11 01:33:54] EDIT BookSharing/controllers/default.py: 0
[2013-11-11 01:37:39] EDIT BookSharing/models/menu.py: 0
[2013-11-11 01:45:38] EDIT BookSharing/views/default/library.html: 1
[2013-11-11 01:46:12] EDIT BookSharing/views/default/library.html: 0
[2013-11-11 01:46:46] EDIT BookSharing/views/default/library.html: 0
[2013-11-11 01:47:24] EDIT BookSharing/views/default/library.html: -1
[2013-11-11 01:47:45] EDIT BookSharing/views/default/library.html: 0
[2013-11-11 01:48:14] EDIT BookSharing/views/default/library.html: -1
[2013-11-11 01:48:21] EDIT BookSharing/views/default/library.html: 0
[2013-11-11 01:49:19] EDIT BookSharing/views/default/library.html: 0
[2013-11-11 01:49:48] EDIT BookSharing/views/default/library.html: 0
[2013-11-11 01:53:07] EDIT BookSharing/views/default/userinfo.html: 1
[2013-11-11 01:53:42] EDIT BookSharing/controllers/default.py: 2
[2013-11-11 01:53:54] EDIT BookSharing/controllers/default.py: 0
[2013-11-11 01:55:18] EDIT BookSharing/views/default/library.html: 0
[2013-11-11 01:58:39] EDIT BookSharing/controllers/default.py: 3
[2013-11-11 01:59:32] EDIT BookSharing/views/default/userinfo.html: 2
[2013-11-11 01:59:54] EDIT BookSharing/views/default/userinfo.html: 1
[2013-11-11 02:01:00] EDIT BookSharing/views/default/userinfo.html: 3
[2013-11-11 02:01:23] EDIT BookSharing/views/default/userinfo.html: 0
[2013-11-11 02:01:57] EDIT BookSharing/views/default/userinfo.html: 3
[2013-11-11 02:02:05] EDIT BookSharing/views/default/userinfo.html: 2
[2013-11-11 02:02:31] EDIT BookSharing/views/default/userinfo.html: -2
[2013-11-11 02:02:50] EDIT BookSharing/views/default/userinfo.html: 0
[2013-11-11 02:03:03] EDIT BookSharing/views/default/userinfo.html: 1
[2013-11-11 02:03:38] EDIT BookSharing/views/default/userinfo.html: 0
[2013-11-11 02:03:56] EDIT BookSharing/views/default/userinfo.html: 0
[2013-11-11 02:04:11] EDIT BookSharing/views/default/userinfo.html: 0
[2013-11-11 02:04:27] EDIT BookSharing/views/default/userinfo.html: 0
[2013-11-11 02:04:46] EDIT BookSharing/views/default/userinfo.html: 0
[2013-11-11 02:09:42] EDIT BookSharing/views/default/userinfo.html: 1
[2013-11-11 02:10:11] EDIT BookSharing/views/default/userinfo.html: 0
[2013-11-11 02:10:32] EDIT BookSharing/views/default/userinfo.html: 5
[2013-11-11 02:10:58] EDIT BookSharing/views/default/userinfo.html: 0
[2013-11-11 02:11:15] EDIT BookSharing/views/default/userinfo.html: 0
[2013-11-11 02:12:04] EDIT BookSharing/views/default/userinfo.html: 0
[2013-11-11 02:12:46] EDIT BookSharing/views/default/userinfo.html: 2
[2013-11-11 02:12:49] EDIT BookSharing/views/default/userinfo.html: 0
[2013-11-11 02:14:32] EDIT BookSharing/views/default/userinfo.html: 0
[2013-11-11 02:15:11] EDIT BookSharing/views/default/userinfo.html: 0
[2013-11-11 02:15:19] EDIT BookSharing/views/default/userinfo.html: 0
[2013-11-11 02:15:29] EDIT BookSharing/views/default/userinfo.html: 0
[2013-11-11 02:16:57] EDIT BookSharing/views/default/userinfo.html: 0
[2013-11-11 02:19:47] EDIT BookSharing/controllers/default.py: 1
[2013-11-11 02:19:55] EDIT BookSharing/controllers/default.py: 0
[2013-11-11 02:23:56] EDIT BookSharing/views/default/userinfo.html: 1
[2013-11-11 02:28:15] EDIT BookSharing/views/default/addRemove.html: 0
[2013-11-11 02:28:45] EDIT BookSharing/views/default/addRemove.html: 3
[2013-11-11 02:29:00] EDIT BookSharing/views/default/addRemove.html: 0
[2013-11-11 02:32:05] EDIT BookSharing/controllers/default.py: 1
[2013-11-11 02:32:30] EDIT BookSharing/views/default/addRemove.html: 4
[2013-11-11 11:41:29] EDIT BookSharing/views/default/home.html: 1
[2013-11-11 11:41:54] EDIT BookSharing/views/default/home.html: 0
[2013-11-11 11:42:09] EDIT BookSharing/views/default/home.html: 0
[2013-11-11 11:43:47] EDIT BookSharing/views/default/home.html: 0
[2013-11-11 11:44:19] EDIT BookSharing/views/default/home.html: 1
[2013-11-11 11:46:14] EDIT BookSharing/views/default/home.html: 1
[2013-11-11 11:46:31] EDIT BookSharing/views/default/home.html: -2
[2013-11-11 12:13:01] EDIT BookSharing/views/layout.html: 1
[2013-11-11 12:13:26] EDIT BookSharing/views/default/home.html: -1
[2013-11-11 12:14:33] EDIT BookSharing/views/default/home.html: 1
[2013-11-11 12:14:44] EDIT BookSharing/views/layout.html: -1
[2013-11-11 13:05:01] EDIT BookSharing/models/db.py: 0
[2013-11-11 13:05:45] EDIT BookSharing/views/default/home.html: -2
[2013-11-11 13:06:46] EDIT BookSharing/views/default/register.html: 1
[2013-11-11 13:06:48] EDIT BookSharing/views/default/register.html: 0
[2013-11-11 13:07:56] EDIT BookSharing/views/default/register.html: 1
[2013-11-11 13:10:58] EDIT BookSharing/views/default/library.html: 1
[2013-11-11 13:11:45] EDIT BookSharing/views/default/library.html: 1
[2013-11-11 13:15:21] EDIT BookSharing/views/default/library.html: -1
[2013-11-11 13:15:58] EDIT BookSharing/views/default/library.html: 0
[2013-11-11 13:29:47] EDIT BookSharing/views/default/register.html: 42
[2013-11-11 13:31:54] EDIT BookSharing/views/default/register.html: 2
[2013-11-11 13:32:18] EDIT BookSharing/views/default/register.html: 0
[2013-11-11 13:32:41] EDIT BookSharing/views/default/register.html: 0
[2013-11-11 13:34:06] EDIT BookSharing/views/default/register.html: 0
[2013-11-11 13:34:37] EDIT BookSharing/views/default/register.html: 9
[2013-11-11 13:34:54] EDIT BookSharing/views/default/register.html: -1
[2013-11-11 13:34:59] EDIT BookSharing/views/default/register.html: 0
[2013-11-11 13:45:17] EDIT BookSharing/views/default/register.html: -54
[2013-11-11 13:45:39] EDIT BookSharing/views/default/register.html: -2
[2013-11-11 13:46:26] EDIT BookSharing/views/default/register.html: 0
[2013-11-11 13:47:13] EDIT BookSharing/views/default/register.html: 0
[2013-11-11 13:47:33] EDIT BookSharing/views/default/register.html: 0
[2013-11-11 13:48:59] EDIT BookSharing/views/default/register.html: 0
[2013-11-11 13:49:45] EDIT BookSharing/views/default/register.html: 6
[2013-11-11 13:50:01] EDIT BookSharing/views/default/register.html: 0
[2013-11-11 13:50:19] EDIT BookSharing/views/default/register.html: 0
[2013-11-11 13:50:26] EDIT BookSharing/views/default/register.html: 0
[2013-11-11 13:51:07] EDIT BookSharing/views/default/register.html: 0
[2013-11-11 13:56:10] EDIT BookSharing/views/default/register.html: 0
[2013-11-11 13:58:06] EDIT BookSharing/views/default/register.html: 2
[2013-11-11 13:58:22] EDIT BookSharing/views/default/register.html: 0
[2013-11-11 13:58:43] EDIT BookSharing/views/default/register.html: 0
[2013-11-11 13:59:13] EDIT BookSharing/views/default/register.html: 0
[2013-11-11 13:59:34] EDIT BookSharing/views/default/register.html: 0
[2013-11-11 14:01:20] EDIT BookSharing/views/default/register.html: 0
[2013-11-11 14:01:46] EDIT BookSharing/views/default/register.html: 4
[2013-11-11 14:01:58] EDIT BookSharing/views/default/register.html: 0
[2013-11-11 14:02:39] EDIT BookSharing/views/default/register.html: 4
[2013-11-11 14:03:30] EDIT BookSharing/views/default/register.html: 0
[2013-11-11 14:04:32] EDIT BookSharing/views/default/register.html: 4
[2013-11-11 14:06:10] EDIT BookSharing/views/default/register.html: 8
[2013-11-11 14:07:24] EDIT BookSharing/views/default/register.html: 4
[2013-11-11 14:07:39] EDIT BookSharing/views/default/register.html: 0
[2013-11-11 14:07:54] EDIT BookSharing/views/default/register.html: -4
[2013-11-11 14:08:16] EDIT BookSharing/views/default/register.html: 1
[2013-11-11 14:08:25] EDIT BookSharing/views/default/register.html: 0
[2013-11-11 14:08:42] EDIT BookSharing/views/default/register.html: 0
[2013-11-11 14:08:52] EDIT BookSharing/views/default/register.html: 0
[2013-11-11 14:12:35] EDIT BookSharing/views/default/register.html: 16
[2013-11-11 14:13:12] EDIT BookSharing/views/default/register.html: 0
[2013-11-11 14:14:25] EDIT BookSharing/views/default/register.html: 0
[2013-11-11 14:14:40] EDIT BookSharing/views/default/register.html: 0
[2013-11-11 14:14:48] EDIT BookSharing/views/default/register.html: 0
[2013-11-11 14:16:00] EDIT BookSharing/views/default/register.html: 0
[2013-11-11 14:16:11] EDIT BookSharing/views/default/register.html: 0
[2013-11-11 14:16:20] EDIT BookSharing/views/default/register.html: 0
[2013-11-11 14:16:28] EDIT BookSharing/views/default/register.html: 0
[2013-11-11 14:16:36] EDIT BookSharing/views/default/register.html: 0
[2013-11-11 14:16:50] EDIT BookSharing/views/default/register.html: 0
[2013-11-11 14:16:57] EDIT BookSharing/views/default/register.html: 0
[2013-11-11 14:17:24] EDIT BookSharing/views/default/register.html: 0
[2013-11-11 14:18:34] EDIT BookSharing/views/default/register.html: 0
[2013-11-11 14:20:36] EDIT BookSharing/views/default/register.html: 21
[2013-11-11 14:24:18] EDIT BookSharing/views/default/register.html: 55
[2013-11-11 14:24:47] EDIT BookSharing/views/default/register.html: 0
[2013-11-11 14:25:10] EDIT BookSharing/views/default/register.html: 1
[2013-11-11 14:25:24] EDIT BookSharing/views/default/register.html: 0
[2013-11-11 14:25:42] EDIT BookSharing/views/default/register.html: 0
[2013-11-11 14:25:53] EDIT BookSharing/views/default/register.html: 0
[2013-11-11 14:32:52] EDIT BookSharing/controllers/default.py: 8
[2013-11-11 14:32:53] EDIT BookSharing/controllers/default.py: 0
[2013-11-11 14:32:53] EDIT BookSharing/controllers/default.py: 0
[2013-11-11 14:32:53] EDIT BookSharing/controllers/default.py: 0
[2013-11-11 14:32:54] EDIT BookSharing/controllers/default.py: 0
[2013-11-11 14:33:18] EDIT BookSharing/views/default/register.html: 0
[2013-11-11 14:34:07] EDIT BookSharing/views/default/register.html: 0
[2013-11-11 14:34:26] EDIT BookSharing/views/default/register.html: 0
[2013-11-11 14:34:38] EDIT BookSharing/views/default/register.html: 0
[2013-11-11 14:34:50] EDIT BookSharing/views/default/register.html: 0
[2013-11-11 14:35:13] EDIT BookSharing/views/default/register.html: 1
[2013-11-11 14:35:29] EDIT BookSharing/views/default/register.html: 0
[2013-11-11 14:36:09] EDIT BookSharing/views/default/register.html: 0
[2013-11-11 14:36:50] EDIT BookSharing/views/default/register.html: 0
[2013-11-11 14:44:25] EDIT BookSharing/views/default/library.html: 1
[2013-11-11 14:44:49] EDIT BookSharing/views/default/library.html: 1
[2013-11-11 14:45:21] EDIT BookSharing/views/default/library.html: 0
[2013-11-11 14:45:58] EDIT BookSharing/views/default/library.html: 0
[2013-11-11 14:46:11] EDIT BookSharing/views/default/library.html: 0
[2013-11-11 14:46:29] EDIT BookSharing/views/default/library.html: 0
[2013-11-11 14:47:55] EDIT BookSharing/controllers/default.py: 0
[2013-11-11 14:47:56] EDIT BookSharing/controllers/default.py: 0
[2013-11-11 14:49:32] EDIT BookSharing/views/default/library.html: -1
[2013-11-11 14:49:49] EDIT BookSharing/views/default/library.html: 0
[2013-11-11 14:52:52] EDIT BookSharing/controllers/default.py: 0
[2013-11-11 14:53:21] EDIT BookSharing/views/default/library.html: 0
[2013-11-11 14:53:59] EDIT BookSharing/controllers/default.py: 0
[2013-11-11 14:55:21] EDIT BookSharing/views/default/library.html: -5
[2013-11-11 14:56:22] EDIT BookSharing/controllers/default.py: 0
[2013-11-11 14:56:55] EDIT BookSharing/controllers/default.py: 0
[2013-11-11 15:00:28] EDIT BookSharing/controllers/default.py: 1
[2013-11-11 15:00:29] EDIT BookSharing/controllers/default.py: 0
[2013-11-11 15:01:04] EDIT BookSharing/views/default/addRemove.html: 0
[2013-11-11 17:31:19] EDIT BookSharing/views/default/library.html: 0
[2013-11-11 17:31:57] EDIT BookSharing/views/default/library.html: 0
[2013-11-11 17:35:43] EDIT BookSharing/controllers/default.py: 2
[2013-11-11 17:36:37] EDIT BookSharing/views/default/bookInfo.html: 4
[2013-11-11 17:37:16] EDIT BookSharing/views/default/library.html: 0
[2013-11-11 17:44:24] EDIT BookSharing/views/default/bookInfo.html: 9
[2013-11-11 17:45:14] EDIT BookSharing/views/default/bookInfo.html: 0
[2013-11-11 17:46:48] EDIT BookSharing/views/default/bookInfo.html: 9
[2013-11-11 17:50:23] EDIT BookSharing/views/default/bookInfo.html: 1
[2013-11-11 17:51:09] EDIT BookSharing/views/default/bookInfo.html: 0
[2013-11-11 17:52:54] EDIT BookSharing/views/default/bookInfo.html: 0
[2013-11-11 17:54:06] EDIT BookSharing/views/default/bookInfo.html: 0
[2013-11-11 17:55:32] EDIT BookSharing/views/default/bookInfo.html: 2
[2013-11-11 17:55:50] EDIT BookSharing/views/default/bookInfo.html: 0
[2013-11-11 17:56:10] EDIT BookSharing/views/default/bookInfo.html: 0
[2013-11-11 17:56:39] EDIT BookSharing/views/default/bookInfo.html: 0
[2013-11-11 17:57:13] EDIT BookSharing/views/default/bookInfo.html: 1
[2013-11-11 17:57:26] EDIT BookSharing/views/default/bookInfo.html: 0
[2013-11-11 17:59:04] EDIT BookSharing/views/default/bookInfo.html: 1
[2013-11-11 17:59:16] EDIT BookSharing/views/default/bookInfo.html: 0
[2013-11-11 17:59:29] EDIT BookSharing/views/default/bookInfo.html: 0
[2013-11-11 17:59:55] EDIT BookSharing/views/default/bookInfo.html: -1
[2013-11-11 18:00:19] EDIT BookSharing/views/default/bookInfo.html: 1
[2013-11-11 18:00:37] EDIT BookSharing/views/default/bookInfo.html: 0
[2013-11-11 18:00:48] EDIT BookSharing/views/default/bookInfo.html: 0
[2013-11-11 18:01:20] EDIT BookSharing/views/default/bookInfo.html: 0
[2013-11-11 18:01:35] EDIT BookSharing/views/default/bookInfo.html: 0
[2013-11-11 18:01:47] EDIT BookSharing/views/default/bookInfo.html: 0
[2013-11-11 18:03:46] EDIT BookSharing/views/default/bookInfo.html: 0
[2013-11-11 18:05:19] EDIT BookSharing/views/default/userinfo.html: 0
[2013-11-11 18:08:31] EDIT BookSharing/views/default/userinfo.html: 3
[2013-11-11 18:09:36] EDIT BookSharing/views/default/userinfo.html: 0
[2013-11-11 18:11:25] EDIT BookSharing/views/default/userinfo.html: 7
[2013-11-11 18:11:37] EDIT BookSharing/views/default/userinfo.html: 0
[2013-11-11 18:11:58] EDIT BookSharing/views/default/userinfo.html: 0
[2013-11-11 18:12:09] EDIT BookSharing/views/default/userinfo.html: 0
[2013-11-11 18:12:31] EDIT BookSharing/views/default/bookInfo.html: 7
[2013-11-11 18:13:17] EDIT BookSharing/views/default/userinfo.html: 3
[2013-11-11 18:14:22] EDIT BookSharing/views/default/bookInfo.html: 0
[2013-11-11 18:21:24] EDIT BookSharing/views/default/home.html: 0
[2013-11-11 18:22:02] EDIT BookSharing/views/default/home.html: 0
[2013-11-11 18:23:05] EDIT BookSharing/views/default/home.html: 0
[2013-11-11 18:23:38] EDIT BookSharing/views/default/home.html: 0
[2013-11-11 18:23:51] EDIT BookSharing/views/default/home.html: 0
[2013-11-11 18:24:17] EDIT BookSharing/views/default/home.html: 0
[2013-11-11 18:25:30] EDIT BookSharing/views/default/home.html: 0
[2013-11-11 18:25:39] EDIT BookSharing/views/default/home.html: 0
[2013-11-11 18:27:17] EDIT BookSharing/controllers/default.py: 0
[2013-11-11 18:27:23] EDIT BookSharing/controllers/default.py: 1
[2013-11-11 18:27:52] EDIT BookSharing/views/default/home.html: 0
[2013-11-11 18:28:28] EDIT BookSharing/views/default/home.html: 0
[2013-11-11 18:29:58] EDIT BookSharing/views/default/home.html: 0
[2013-11-11 18:30:26] EDIT BookSharing/views/default/home.html: 0
[2013-11-11 18:31:14] EDIT BookSharing/views/default/home.html: 0
[2013-11-11 18:32:27] EDIT BookSharing/views/default/register.html: 7
[2013-11-11 18:34:19] EDIT BookSharing/views/default/register.html: 0
[2013-11-11 18:35:56] EDIT BookSharing/views/default/register.html: 5
[2013-11-11 18:36:36] EDIT BookSharing/views/default/register.html: 1
[2013-11-11 18:37:28] EDIT BookSharing/views/default/register.html: 0
[2013-11-11 18:37:29] EDIT BookSharing/views/default/register.html: 0
[2013-11-11 18:43:27] EDIT BookSharing/views/default/register.html: 1
[2013-11-11 20:42:46] EDIT BookSharing/views/default/register.html: 0
[2013-11-11 20:42:54] EDIT BookSharing/views/default/register.html: 0
[2013-11-11 20:43:53] EDIT BookSharing/controllers/default.py: 2
[2013-11-11 20:44:26] EDIT BookSharing/views/default/register.html: 1
[2013-11-11 20:44:56] EDIT BookSharing/controllers/default.py: -12
[2013-11-11 20:45:12] EDIT BookSharing/controllers/default.py: 1
[2013-11-11 20:45:32] EDIT BookSharing/controllers/default.py: 0
[2013-11-11 20:45:32] EDIT BookSharing/controllers/default.py: 0
[2013-11-11 20:46:28] EDIT BookSharing/views/default/register.html: 0
[2013-11-11 20:46:43] EDIT BookSharing/views/default/register.html: 0
[2013-11-11 20:47:57] EDIT BookSharing/controllers/default.py: 0
[2013-11-11 20:51:08] EDIT BookSharing/views/default/addRemove.html: 0
[2013-11-11 20:51:12] EDIT BookSharing/views/default/addRemove.html: 0
[2013-11-11 20:51:46] EDIT BookSharing/views/default/addRemove.html: 0
[2013-11-11 20:52:19] EDIT BookSharing/views/default/library.html: -26
[2013-11-11 20:53:49] EDIT BookSharing/views/default/addRemove.html: 0
[2013-11-11 20:54:34] EDIT BookSharing/controllers/default.py: 0
[2013-11-11 20:55:02] EDIT BookSharing/views/default/addRemove.html: 0
[2013-11-11 20:55:46] EDIT BookSharing/controllers/default.py: 0
[2013-11-11 20:57:37] EDIT BookSharing/controllers/default.py: 3
[2013-11-11 20:58:01] EDIT BookSharing/controllers/default.py: 0
[2013-11-11 20:58:26] EDIT BookSharing/controllers/default.py: 0
[2013-11-11 20:58:36] EDIT BookSharing/controllers/default.py: 0
[2013-11-11 20:58:41] EDIT BookSharing/controllers/default.py: 0
[2013-11-11 20:59:06] EDIT BookSharing/controllers/default.py: 1
[2013-11-11 21:01:55] EDIT BookSharing/views/default/addRemove.html: -1
[2013-11-11 21:02:27] EDIT BookSharing/views/default/addRemove.html: 1
[2013-11-11 21:02:27] EDIT BookSharing/views/default/addRemove.html: 0
[2013-11-11 21:03:11] EDIT BookSharing/views/default/addRemove.html: 0
[2013-11-11 21:04:00] EDIT BookSharing/controllers/default.py: 0
[2013-11-11 21:04:20] EDIT BookSharing/controllers/default.py: 0
[2013-11-11 21:05:48] EDIT BookSharing/controllers/default.py: 0
[2013-11-11 21:06:06] EDIT BookSharing/controllers/default.py: 0
[2013-11-11 21:06:06] EDIT BookSharing/controllers/default.py: 0
[2013-11-11 21:06:50] EDIT BookSharing/views/default/addRemove.html: 0
[2013-11-11 21:07:32] EDIT BookSharing/controllers/default.py: 0
[2013-11-11 21:07:49] EDIT BookSharing/controllers/default.py: 0
[2013-11-11 21:12:23] EDIT BookSharing/controllers/default.py: 0
[2013-11-11 21:19:34] EDIT BookSharing/controllers/default.py: 6
[2013-11-11 21:19:46] EDIT BookSharing/controllers/default.py: 0
[2013-11-11 21:20:28] EDIT BookSharing/views/default/addRemove.html: 0
[2013-11-11 21:22:13] EDIT BookSharing/controllers/default.py: 0
[2013-11-11 21:27:54] EDIT BookSharing/views/default/addRemove.html: 23
[2013-11-11 21:28:11] EDIT BookSharing/views/default/addRemove.html: 0
[2013-11-11 21:28:44] EDIT BookSharing/views/default/addRemove.html: 0
[2013-11-11 21:29:05] EDIT BookSharing/views/default/addRemove.html: 0
[2013-11-11 21:29:15] EDIT BookSharing/views/default/addRemove.html: 0
[2013-11-11 21:30:13] EDIT BookSharing/views/default/addRemove.html: 0
[2013-11-11 21:31:07] EDIT BookSharing/views/default/library.html: -2
[2013-11-11 21:31:53] EDIT BookSharing/views/default/addRemove.html: 0
[2013-11-11 21:36:01] EDIT BookSharing/views/default/home.html: 2
[2013-11-11 21:38:34] EDIT BookSharing/views/default/home.html: 3
[2013-11-11 21:41:18] EDIT BookSharing/views/layout.html: 0
[2013-11-11 21:42:59] EDIT BookSharing/controllers/default.py: 1
[2013-11-11 21:44:26] EDIT BookSharing/views/layout.html: 0
[2013-11-11 21:45:04] EDIT BookSharing/controllers/default.py: 0
[2013-11-11 21:45:55] EDIT BookSharing/views/layout.html: 0
[2013-11-11 21:46:35] EDIT BookSharing/views/layout.html: 0
[2013-11-11 21:46:58] EDIT BookSharing/views/layout.html: 0
[2013-11-11 21:47:17] EDIT BookSharing/views/layout.html: 0
[2013-11-11 21:48:11] EDIT BookSharing/views/layout.html: 0
[2013-11-11 21:49:07] EDIT BookSharing/views/layout.html: 1
[2013-11-11 21:49:53] EDIT BookSharing/views/layout.html: -1
[2013-11-11 21:50:21] EDIT BookSharing/views/layout.html: 0
[2013-11-11 21:50:22] EDIT BookSharing/views/layout.html: 0
[2013-11-11 21:52:13] EDIT BookSharing/views/layout.html: 0
[2013-11-11 21:54:53] EDIT BookSharing/views/layout.html: 1
[2013-11-11 21:56:06] EDIT BookSharing/controllers/default.py: 0
[2013-11-11 21:58:05] EDIT BookSharing/models/menu.py: 0
[2013-11-11 22:00:24] EDIT BookSharing/views/layout.html: 0
[2013-11-11 22:02:28] EDIT BookSharing/views/layout.html: 0
[2013-11-11 22:02:49] EDIT BookSharing/views/layout.html: 0
[2013-11-11 22:02:52] EDIT BookSharing/views/layout.html: 0
[2013-11-11 22:03:09] EDIT BookSharing/views/layout.html: 0
[2013-11-11 22:03:30] EDIT BookSharing/views/layout.html: 0
[2013-11-11 22:18:28] EDIT BookSharing/views/default/addRemove.html: 0
[2013-11-11 22:18:39] EDIT BookSharing/views/default/addRemove.html: 0
[2013-11-11 22:19:56] EDIT BookSharing/views/default/addRemove.html: 1
[2013-11-11 22:20:01] EDIT BookSharing/views/default/addRemove.html: 0
[2013-11-11 22:21:02] EDIT BookSharing/controllers/default.py: 4
[2013-11-11 22:21:55] EDIT BookSharing/views/default/addRemove.html: 0
[2013-11-11 22:22:24] EDIT BookSharing/views/default/addRemove.html: 0
[2013-11-11 22:22:34] EDIT BookSharing/views/default/addRemove.html: 0
[2013-11-11 22:22:51] EDIT BookSharing/views/default/addRemove.html: 0
[2013-11-11 22:23:22] EDIT BookSharing/views/default/addRemove.html: 0
[2013-11-11 22:23:40] EDIT BookSharing/views/default/addRemove.html: 0
[2013-11-11 22:24:24] EDIT BookSharing/views/default/addRemove.html: 0
[2013-11-11 22:24:29] EDIT BookSharing/views/default/addRemove.html: -1
[2013-11-11 22:24:54] EDIT BookSharing/views/default/addRemove.html: 0
[2013-11-11 22:25:47] EDIT BookSharing/views/default/addRemove.html: 0
[2013-11-11 22:25:59] EDIT BookSharing/views/default/addRemove.html: 0
[2013-11-11 22:26:12] EDIT BookSharing/views/default/addRemove.html: 0
[2013-11-11 22:28:36] EDIT BookSharing/views/default/addRemove.html: 4
[2013-11-11 22:29:45] EDIT BookSharing/controllers/default.py: 0
[2013-11-11 22:30:34] EDIT BookSharing/views/default/library.html: -22
[2013-11-11 22:32:40] EDIT BookSharing/views/default/register.html: -7
[2013-11-11 22:35:36] EDIT BookSharing/models/db.py: 1
[2013-11-11 22:39:05] EDIT BookSharing/models/db.py: 0
[2013-11-11 22:40:19] EDIT BookSharing/views/default/register.html: 0
[2013-11-11 22:40:46] EDIT BookSharing/views/default/register.html: 0
[2013-11-11 22:40:46] EDIT BookSharing/views/default/register.html: 0
[2013-11-11 22:40:46] EDIT BookSharing/views/default/register.html: 0
[2013-11-11 22:41:38] EDIT BookSharing/models/db.py: 0
[2013-11-11 22:44:43] EDIT BookSharing/views/default/library.html: 7
[2013-11-11 22:44:43] EDIT BookSharing/views/default/library.html: 0
[2013-11-11 22:45:04] EDIT BookSharing/views/default/library.html: 0
[2013-11-11 22:46:08] EDIT BookSharing/views/default/library.html: 0
[2013-11-11 22:46:24] EDIT BookSharing/views/default/library.html: 0
[2013-11-11 22:48:36] EDIT BookSharing/views/default/library.html: 7
[2013-11-11 22:50:13] EDIT BookSharing/views/default/library.html: 0
[2013-11-11 22:50:45] EDIT BookSharing/views/default/library.html: 0
[2013-11-11 22:55:09] EDIT BookSharing/views/default/library.html: 2
[2013-11-11 22:55:48] EDIT BookSharing/views/default/library.html: 0
[2013-11-11 22:56:14] EDIT BookSharing/views/default/library.html: 0
[2013-11-11 22:56:51] EDIT BookSharing/views/default/library.html: 0
[2013-11-11 22:57:32] EDIT BookSharing/views/default/library.html: 0
[2013-11-11 22:58:00] EDIT BookSharing/views/default/library.html: 0
[2013-11-11 22:58:37] EDIT BookSharing/views/default/library.html: 2
[2013-11-11 22:59:13] EDIT BookSharing/views/default/library.html: 2
[2013-11-11 22:59:14] EDIT BookSharing/views/default/library.html: 0
[2013-11-11 22:59:14] EDIT BookSharing/views/default/library.html: 0
[2013-11-11 22:59:14] EDIT BookSharing/views/default/library.html: 0
[2013-11-11 22:59:15] EDIT BookSharing/views/default/library.html: 0
[2013-11-11 22:59:39] EDIT BookSharing/views/default/library.html: 0
[2013-11-11 23:00:00] EDIT BookSharing/views/default/library.html: 0
[2013-11-11 23:00:11] EDIT BookSharing/views/default/library.html: 0
[2013-11-11 23:00:51] EDIT BookSharing/views/default/library.html: 2
[2013-11-11 23:01:20] EDIT BookSharing/views/default/library.html: 0
[2013-11-11 23:02:21] EDIT BookSharing/views/default/library.html: 1
[2013-11-11 23:02:37] EDIT BookSharing/views/default/library.html: 0
[2013-11-11 23:03:01] EDIT BookSharing/views/default/library.html: 0
[2013-11-11 23:04:37] EDIT BookSharing/views/default/library.html: 0
[2013-11-11 23:05:03] EDIT BookSharing/views/default/library.html: 0
[2013-11-11 23:06:36] EDIT BookSharing/views/default/library.html: -2
[2013-11-11 23:06:58] EDIT BookSharing/views/default/library.html: 0
[2013-11-11 23:08:20] EDIT BookSharing/views/default/library.html: 0
[2013-11-11 23:08:47] EDIT BookSharing/views/default/library.html: 0
[2013-11-11 23:08:57] EDIT BookSharing/views/default/library.html: 0
[2013-11-11 23:09:10] EDIT BookSharing/views/default/library.html: 0
[2013-11-11 23:09:35] EDIT BookSharing/views/default/library.html: 0
[2013-11-11 23:09:54] EDIT BookSharing/views/default/library.html: 0
[2013-11-11 23:10:23] EDIT BookSharing/views/default/library.html: 0
[2013-11-11 23:10:50] EDIT BookSharing/views/default/library.html: 1
[2013-11-12 19:24:24] EDIT BookSharing/controllers/default.py: 1
[2013-11-12 19:25:30] EDIT BookSharing/controllers/default.py: 1
[2013-11-12 19:26:39] EDIT BookSharing/controllers/default.py: 1
[2013-11-12 19:30:00] EDIT BookSharing/controllers/default.py: -13
[2013-11-12 19:31:11] EDIT BookSharing/controllers/default.py: 1
[2013-11-12 19:31:51] EDIT BookSharing/controllers/default.py: 0
[2013-11-12 19:32:20] EDIT BookSharing/controllers/default.py: 0
[2013-11-12 19:32:44] EDIT BookSharing/controllers/default.py: 0
[2013-11-12 19:33:18] EDIT BookSharing/controllers/default.py: 0
[2013-11-12 19:34:11] EDIT BookSharing/controllers/default.py: 1
[2013-11-12 19:34:22] EDIT BookSharing/controllers/default.py: 0
[2013-11-12 19:34:30] EDIT BookSharing/controllers/default.py: 0
[2013-11-12 19:36:17] EDIT BookSharing/controllers/default.py: 0
[2013-11-12 19:36:52] EDIT BookSharing/controllers/default.py: 0
[2013-11-12 19:37:21] EDIT BookSharing/views/default/home.html: 1
[2013-11-12 19:37:43] EDIT BookSharing/controllers/default.py: 1
[2013-11-12 19:38:23] EDIT BookSharing/controllers/default.py: 0
[2013-11-12 19:39:26] EDIT BookSharing/controllers/default.py: 0
[2013-11-12 19:39:48] EDIT BookSharing/views/default/home.html: 0
[2013-11-12 19:42:00] EDIT BookSharing/views/default/home.html: 0
[2013-11-12 19:42:23] EDIT BookSharing/controllers/default.py: -2
[2013-11-12 19:44:11] EDIT BookSharing/controllers/default.py: 0
[2013-11-12 19:45:12] EDIT BookSharing/controllers/default.py: 0
[2013-11-12 19:45:55] EDIT BookSharing/controllers/default.py: 0
[2013-11-12 19:46:24] EDIT BookSharing/controllers/default.py: 0
[2013-11-12 19:47:00] EDIT BookSharing/models/menu.py: 0
[2013-11-12 19:50:41] EDIT BookSharing/views/default/register.html: 0
[2013-11-12 19:51:30] EDIT BookSharing/views/default/register.html: -2
[2013-11-12 19:52:30] EDIT BookSharing/views/default/register.html: 0
[2013-11-12 19:55:50] EDIT BookSharing/controllers/default.py: -6
[2013-11-12 19:57:03] EDIT BookSharing/controllers/default.py: 1
[2013-11-12 19:58:56] EDIT BookSharing/controllers/default.py: 2
[2013-11-12 20:03:04] EDIT BookSharing/controllers/default.py: 1
[2013-11-12 20:04:25] EDIT BookSharing/controllers/default.py: 0
[2013-11-12 20:04:48] EDIT BookSharing/controllers/default.py: 0
[2013-11-12 20:05:32] EDIT BookSharing/controllers/default.py: 0
[2013-11-12 20:06:08] EDIT BookSharing/controllers/default.py: 0
[2013-11-12 20:18:05] EDIT BookSharing/controllers/default.py: 1
[2013-11-12 20:19:30] EDIT BookSharing/controllers/default.py: 0
[2013-11-12 21:12:41] EDIT BookSharing/controllers/default.py: 6
[2013-11-12 21:13:00] EDIT BookSharing/controllers/default.py: 0
[2013-11-12 21:13:07] EDIT BookSharing/controllers/default.py: 0
[2013-11-12 21:13:18] EDIT BookSharing/controllers/default.py: 0
[2013-11-12 21:13:26] EDIT BookSharing/controllers/default.py: 0
[2013-11-12 21:15:03] EDIT BookSharing/controllers/default.py: 0
[2013-11-12 21:21:59] EDIT BookSharing/controllers/default.py: 1
[2013-11-12 21:22:57] EDIT BookSharing/controllers/default.py: -1
[2013-11-12 21:23:23] EDIT BookSharing/controllers/default.py: 0
[2013-11-12 21:27:32] EDIT BookSharing/controllers/default.py: 1
[2013-11-12 21:28:42] EDIT BookSharing/controllers/default.py: 0
[2013-11-12 21:31:12] EDIT BookSharing/controllers/default.py: 2
[2013-11-12 21:32:53] EDIT BookSharing/controllers/default.py: 5
[2013-11-12 21:34:49] EDIT BookSharing/views/default/bookInfo.html: 1
[2013-11-12 22:13:45] EDIT BookSharing/controllers/default.py: 2
[2013-11-12 22:17:55] EDIT BookSharing/views/layout.html: -5
[2013-11-12 22:18:07] EDIT BookSharing/views/layout.html: 5
[2013-11-12 22:50:39] EDIT BookSharing/views/default/register.html: 0
[2013-11-12 22:51:10] EDIT BookSharing/views/default/register.html: 0
[2013-11-12 22:52:19] EDIT BookSharing/views/default/register.html: 0
[2013-11-12 22:52:20] EDIT BookSharing/views/default/register.html: 0
[2013-11-13 21:19:08] EDIT BookSharing/views/default/bookInfo.html: 4
[2013-11-13 21:19:16] EDIT BookSharing/views/default/bookInfo.html: 0
[2013-11-13 21:20:41] EDIT BookSharing/views/default/bookInfo.html: 0
[2013-11-13 21:21:39] EDIT BookSharing/views/default/bookInfo.html: 0
[2013-11-13 21:23:09] EDIT BookSharing/controllers/default.py: 0
[2013-11-13 21:23:18] EDIT BookSharing/controllers/default.py: 0
[2013-11-13 21:27:37] EDIT BookSharing/views/default/bookInfo.html: 0
[2013-11-13 21:28:20] EDIT BookSharing/controllers/default.py: 0
[2013-11-13 21:30:30] EDIT BookSharing/controllers/default.py: 12
[2013-11-13 21:30:34] EDIT BookSharing/controllers/default.py: 0
[2013-11-13 21:31:41] EDIT BookSharing/controllers/default.py: 1
[2013-11-13 21:35:22] EDIT BookSharing/controllers/default.py: -13
[2013-11-13 21:36:02] EDIT BookSharing/views/default/bookInfo.html: -4
[2013-11-13 21:36:04] EDIT BookSharing/views/default/bookInfo.html: 0
[2013-11-13 21:36:24] EDIT BookSharing/views/default/bookInfo.html: 0
[2013-11-14 18:41:34] EDIT BookSharing/views/default/addRemove.html: 1
[2013-11-14 18:41:34] EDIT BookSharing/views/default/addRemove.html: 0
[2013-11-14 18:42:30] EDIT BookSharing/views/default/addRemove.html: 0
[2013-11-14 18:42:45] EDIT BookSharing/views/default/addRemove.html: 0
[2013-11-14 18:43:16] EDIT BookSharing/views/default/addRemove.html: 0
[2013-11-14 18:43:57] EDIT BookSharing/views/default/addRemove.html: 1
[2013-11-14 18:44:19] EDIT BookSharing/views/default/addRemove.html: 0
[2013-11-14 18:45:45] EDIT BookSharing/views/default/addRemove.html: 3
[2013-11-14 18:46:29] EDIT BookSharing/views/default/addRemove.html: -3
[2013-11-14 18:46:42] EDIT BookSharing/views/default/addRemove.html: 0
[2013-11-14 18:46:53] EDIT BookSharing/views/default/addRemove.html: -1
[2013-11-14 18:46:54] EDIT BookSharing/views/default/addRemove.html: 0
[2013-11-14 18:47:29] EDIT BookSharing/views/default/addRemove.html: 2
[2013-11-14 18:49:09] EDIT BookSharing/views/default/addRemove.html: -2
[2013-11-14 18:52:38] EDIT BookSharing/views/default/addRemove.html: 0
[2013-11-14 18:54:11] EDIT BookSharing/views/default/addRemove.html: 0
[2013-11-14 18:55:24] EDIT BookSharing/controllers/default.py: 1
[2013-11-14 18:55:24] EDIT BookSharing/controllers/default.py: 0
[2013-11-14 18:55:50] EDIT BookSharing/controllers/default.py: 0
[2013-11-14 18:56:32] EDIT BookSharing/views/default/bookInfo.html: 2
[2013-11-14 18:56:32] EDIT BookSharing/views/default/bookInfo.html: 0
[2013-11-14 18:57:03] EDIT BookSharing/views/default/bookInfo.html: 0
[2013-11-14 18:59:28] EDIT BookSharing/views/default/bookInfo.html: 0
[2013-11-14 18:59:29] EDIT BookSharing/views/default/bookInfo.html: 0
[2013-11-14 19:02:22] EDIT BookSharing/controllers/default.py: 0
[2013-11-14 19:02:22] EDIT BookSharing/controllers/default.py: 0
[2013-11-14 19:08:08] EDIT BookSharing/views/layout.html: -1
[2013-11-14 19:08:08] EDIT BookSharing/views/layout.html: 0
[2013-11-14 19:12:28] EDIT BookSharing/views/layout.html: -9
[2013-11-14 19:13:12] EDIT BookSharing/views/layout.html: 7
[2013-11-14 19:13:37] EDIT BookSharing/views/layout.html: 2
[2013-11-14 19:28:35] EDIT BookSharing/controllers/default.py: 0
[2013-11-14 19:35:26] EDIT BookSharing/models/db.py: 1
[2013-11-15 22:11:33] EDIT BookSharing/models/db.py: 0
[2013-11-15 22:28:56] EDIT BookSharing/models/db.py: -1
[2013-11-15 22:30:16] EDIT BookSharing/controllers/default.py: 20
[2013-11-15 22:30:51] EDIT BookSharing/controllers/default.py: 0
[2013-11-15 22:31:16] EDIT BookSharing/controllers/default.py: 0
[2013-11-15 22:31:47] EDIT BookSharing/controllers/default.py: -22
[2013-11-15 22:33:25] EDIT BookSharing/views/default/register.html: -7
[2013-11-15 22:35:39] EDIT BookSharing/views/default/register.html: -33
[2013-11-15 22:38:27] EDIT BookSharing/views/default/register.html: 0
[2013-11-15 22:38:59] EDIT BookSharing/views/default/register.html: 0
[2013-11-15 22:48:39] EDIT BookSharing/views/default/register.html: -27
[2013-11-15 22:49:11] EDIT BookSharing/views/default/register.html: 0
[2013-11-15 22:49:35] EDIT BookSharing/views/default/register.html: 0
[2013-11-15 22:49:41] EDIT BookSharing/views/default/register.html: 0
[2013-11-15 22:57:46] EDIT BookSharing/views/default/register.html: 3
[2013-11-15 22:58:22] EDIT BookSharing/views/default/register.html: 0
[2013-11-15 23:00:53] EDIT BookSharing/views/default/register.html: 0
[2013-11-15 23:01:52] EDIT BookSharing/views/default/register.html: 0
[2013-11-15 23:02:09] EDIT BookSharing/views/default/register.html: 0
[2013-11-15 23:02:40] EDIT BookSharing/views/default/register.html: 1
[2013-11-15 23:03:31] EDIT BookSharing/views/default/register.html: 4
[2013-11-15 23:04:08] EDIT BookSharing/views/default/register.html: 0
[2013-11-15 23:04:19] EDIT BookSharing/views/default/register.html: 0
[2013-11-15 23:06:00] EDIT BookSharing/views/default/register.html: 0
[2013-11-15 23:06:45] EDIT BookSharing/views/default/register.html: 1
[2013-11-15 23:06:56] EDIT BookSharing/views/default/register.html: 0
[2013-11-15 23:07:48] EDIT BookSharing/views/default/register.html: 0
[2013-11-15 23:08:12] EDIT BookSharing/views/default/register.html: 1
[2013-11-15 23:12:52] EDIT BookSharing/controllers/default.py: 0
[2013-11-15 23:18:19] EDIT BookSharing/controllers/default.py: 0
[2013-11-15 23:20:14] EDIT BookSharing/controllers/default.py: 0
[2013-11-15 23:33:47] EDIT BookSharing/controllers/default.py: 0
[2013-11-15 23:33:50] EDIT BookSharing/controllers/default.py: 0
[2013-11-15 23:34:05] EDIT BookSharing/controllers/default.py: 0
[2013-11-15 23:34:07] EDIT BookSharing/controllers/default.py: 0
[2013-11-15 23:34:27] EDIT BookSharing/controllers/default.py: 0
[2013-11-15 23:36:54] EDIT BookSharing/controllers/default.py: 0
[2013-11-15 23:38:35] EDIT BookSharing/controllers/default.py: 1
[2013-11-15 23:39:37] EDIT BookSharing/controllers/default.py: 0
[2013-11-15 23:41:42] EDIT BookSharing/views/default/library.html: 0
[2013-11-15 23:46:17] EDIT BookSharing/views/default/library.html: 0
[2013-11-15 23:46:33] EDIT BookSharing/views/default/library.html: 0
[2013-11-15 23:47:43] EDIT BookSharing/views/default/library.html: 2
[2013-11-15 23:47:57] EDIT BookSharing/views/default/library.html: 0
[2013-11-15 23:48:37] EDIT BookSharing/views/default/library.html: 0
[2013-11-15 23:48:45] EDIT BookSharing/views/default/library.html: 0
[2013-11-15 23:48:53] EDIT BookSharing/views/default/library.html: 0
[2013-11-15 23:49:03] EDIT BookSharing/views/default/library.html: 0
[2013-11-15 23:49:23] EDIT BookSharing/views/default/library.html: -2
[2013-11-15 23:50:06] EDIT BookSharing/views/default/library.html: 0
[2013-11-16 18:28:14] EDIT BookSharing/views/default/reviews.html: 0
[2013-11-16 18:31:34] EDIT BookSharing/views/default/reviews.html: 0
[2013-11-16 18:31:56] EDIT BookSharing/views/default/reviews.html: 0
[2013-11-16 18:32:16] EDIT BookSharing/views/default/reviews.html: 1
[2013-11-16 18:40:42] EDIT BookSharing/views/default/reviews.html: 0
[2013-11-16 18:44:03] EDIT BookSharing/controllers/default.py: 0
[2013-11-16 18:44:24] EDIT BookSharing/views/default/reviews.html: 0
[2013-11-16 18:47:51] EDIT BookSharing/views/default/reviews.html: 0
[2013-11-16 18:47:59] EDIT BookSharing/views/default/reviews.html: -2
[2013-11-16 18:48:07] EDIT BookSharing/views/default/reviews.html: -2
[2013-11-16 18:49:07] EDIT BookSharing/controllers/default.py: 0
[2013-11-16 20:12:23] EDIT BookSharing/views/default/register.html: 0
[2013-11-16 20:14:18] EDIT BookSharing/controllers/default.py: 2
[2013-11-16 20:14:55] EDIT BookSharing/views/default/register.html: 0
[2013-11-16 20:18:24] EDIT BookSharing/views/default/register.html: 0
[2013-11-16 20:18:47] EDIT BookSharing/views/default/register.html: 0
[2013-11-16 20:19:07] EDIT BookSharing/views/default/register.html: 0
[2013-11-16 20:23:51] EDIT BookSharing/views/default/isbnInfo.html: 27
[2013-11-16 20:24:30] EDIT BookSharing/views/default/isbnInfo.html: 1
[2013-11-16 20:24:57] EDIT BookSharing/views/default/isbnInfo.html: -1
[2013-11-16 20:25:12] EDIT BookSharing/views/default/isbnInfo.html: 0
[2013-11-16 20:26:59] EDIT BookSharing/views/default/isbnInfo.html: 1
[2013-11-16 20:27:37] EDIT BookSharing/views/default/isbnInfo.html: 0
[2013-11-16 20:28:08] EDIT BookSharing/views/default/isbnInfo.html: -18
[2013-11-16 20:28:29] EDIT BookSharing/views/default/isbnInfo.html: 9
[2013-11-16 20:29:29] EDIT BookSharing/views/default/home.html: 1
[2013-11-16 20:31:57] EDIT BookSharing/controllers/default.py: 0
[2013-11-16 20:33:02] EDIT BookSharing/controllers/default.py: 1
[2013-11-16 20:34:33] EDIT BookSharing/controllers/default.py: 0
[2013-11-16 20:35:43] EDIT BookSharing/controllers/default.py: -1
[2013-11-16 20:36:01] EDIT BookSharing/views/default/home.html: -1
[2013-11-16 20:36:25] EDIT BookSharing/views/default/home.html: 1
[2013-11-16 20:38:03] EDIT BookSharing/controllers/default.py: 1
[2013-11-16 20:40:21] EDIT BookSharing/controllers/default.py: 2
[2013-11-16 20:40:56] EDIT BookSharing/views/default/home.html: 0
[2013-11-16 20:41:33] EDIT BookSharing/controllers/default.py: 1
[2013-11-16 20:43:02] EDIT BookSharing/controllers/default.py: 0
[2013-11-16 20:45:26] EDIT BookSharing/controllers/default.py: 1
[2013-11-16 20:45:30] EDIT BookSharing/controllers/default.py: 0
[2013-11-16 20:45:42] EDIT BookSharing/views/default/home.html: 0
[2013-11-16 20:46:10] EDIT BookSharing/controllers/default.py: 0
[2013-11-16 20:46:15] EDIT BookSharing/controllers/default.py: 0
[2013-11-16 20:46:37] EDIT BookSharing/controllers/default.py: 0
[2013-11-16 20:47:22] EDIT BookSharing/controllers/default.py: 0
[2013-11-16 20:47:33] EDIT BookSharing/controllers/default.py: 0
[2013-11-16 20:48:21] EDIT BookSharing/controllers/default.py: -5
[2013-11-16 20:48:33] EDIT BookSharing/views/default/home.html: -1
[2013-11-17 22:22:50] EDIT BookWorms/views/default/addRemove.html: 2
[2013-11-17 22:23:35] EDIT BookWorms/controllers/default.py: 2
[2013-11-17 22:35:12] EDIT BookWorms/controllers/default.py: 11
[2013-11-17 22:35:24] EDIT BookWorms/controllers/default.py: 0
[2013-11-17 22:36:54] EDIT BookWorms/views/default/addRemove.html: 1
[2013-11-17 22:38:03] EDIT BookWorms/views/default/addRemove.html: -1
[2013-11-17 22:39:03] EDIT BookWorms/views/default/addBooks.html: 2
[2013-11-17 22:40:40] EDIT BookWorms/views/default/isbnInfo.html: 0
[2013-11-17 22:43:28] EDIT BookWorms/controllers/default.py: 1
[2013-11-17 22:43:40] EDIT BookWorms/controllers/default.py: 0
[2013-11-17 22:45:11] EDIT BookWorms/views/default/addBooks.html: 0
[2013-11-17 22:47:03] EDIT BookWorms/views/default/addBooks.html: 0
[2013-11-17 22:50:24] EDIT BookWorms/views/default/addRemove.html: 0
[2013-11-17 22:50:54] EDIT BookWorms/views/default/addBooks.html: 0
[2013-11-17 22:52:31] EDIT BookWorms/controllers/default.py: 0
[2013-11-17 22:54:14] EDIT BookWorms/views/default/addRemove.html: 0
[2013-11-17 22:55:59] EDIT BookWorms/views/default/addRemove.html: 0
[2013-11-17 22:58:31] EDIT BookWorms/controllers/default.py: 0
[2013-11-17 22:59:19] EDIT BookWorms/views/default/addRemove.html: 0
[2013-11-17 22:59:37] EDIT BookWorms/views/default/addRemove.html: 0
[2013-11-17 23:03:27] EDIT BookWorms/views/default/addRemove.html: 1
[2013-11-17 23:05:54] EDIT BookWorms/controllers/default.py: 5
[2013-11-17 23:06:02] EDIT BookWorms/controllers/default.py: 0
[2013-11-17 23:06:38] EDIT BookWorms/views/default/addRemove.html: 1
[2013-11-17 23:07:08] EDIT BookWorms/views/default/addRemove.html: -1
[2013-11-17 23:11:58] EDIT BookWorms/controllers/default.py: 6
[2013-11-17 23:12:12] EDIT BookWorms/controllers/default.py: 0
[2013-11-17 23:12:29] EDIT BookWorms/controllers/default.py: 0
[2013-11-17 23:12:30] EDIT BookWorms/controllers/default.py: 0
[2013-11-17 23:12:39] EDIT BookWorms/controllers/default.py: 0
[2013-11-17 23:12:48] EDIT BookWorms/controllers/default.py: 0
[2013-11-17 23:13:07] EDIT BookWorms/controllers/default.py: 0
[2013-11-17 23:13:12] EDIT BookWorms/controllers/default.py: 0
[2013-11-17 23:13:30] EDIT BookWorms/controllers/default.py: 0
[2013-11-17 23:13:44] EDIT BookWorms/controllers/default.py: 0
[2013-11-17 23:13:51] EDIT BookWorms/controllers/default.py: 0
[2013-11-17 23:14:20] EDIT BookWorms/controllers/default.py: 0
[2013-11-17 23:14:37] EDIT BookWorms/controllers/default.py: 0
[2013-11-17 23:14:39] EDIT BookWorms/controllers/default.py: 0
[2013-11-17 23:15:44] EDIT BookWorms/controllers/default.py: 0
[2013-11-17 23:20:11] EDIT BookWorms/views/default/addRemove.html: 0
[2013-11-17 23:21:04] EDIT BookWorms/controllers/default.py: 0
[2013-11-17 23:23:39] EDIT BookWorms/views/default/addRemove.html: 0
[2013-11-17 23:23:39] EDIT BookWorms/views/default/addRemove.html: 0
[2013-11-17 23:24:05] EDIT BookWorms/views/default/addRemove.html: -1
[2013-11-17 23:28:03] EDIT BookWorms/controllers/default.py: -2
[2013-11-17 23:29:38] EDIT BookWorms/controllers/default.py: 1
[2013-11-17 23:31:18] EDIT BookWorms/views/default/addRemove.html: 0
[2013-11-18 09:01:15] EDIT BookWorms/views/default/library.html: 1
[2013-11-18 09:04:33] EDIT BookWorms/views/default/library.html: 0
[2013-11-18 09:05:18] EDIT BookWorms/views/default/library.html: 0
[2013-11-18 09:05:46] EDIT BookWorms/views/default/library.html: 0
[2013-11-18 09:05:47] EDIT BookWorms/views/default/library.html: 0
[2013-11-18 11:40:42] EDIT BookWorms/views/default/home.html: 0
[2013-11-18 11:41:08] EDIT BookWorms/views/default/library.html: 0
[2013-11-18 11:48:12] EDIT BookWorms/controllers/default.py: 0
[2013-11-18 12:26:34] EDIT BookWorms/controllers/default.py: 0
[2013-11-18 12:27:40] EDIT BookWorms/controllers/default.py: 1
[2013-11-18 12:27:57] EDIT BookWorms/controllers/default.py: 0
[2013-11-18 12:28:50] EDIT BookWorms/controllers/default.py: 0
[2013-11-18 12:29:11] EDIT BookWorms/controllers/default.py: 0
[2013-11-18 12:30:39] EDIT BookWorms/controllers/default.py: 0
[2013-11-18 12:30:50] EDIT BookWorms/controllers/default.py: 0
[2013-11-18 12:31:25] EDIT BookWorms/views/default/addRemove.html: 1
[2013-11-18 12:31:49] EDIT BookWorms/views/default/addRemove.html: 0
[2013-11-18 12:32:07] EDIT BookWorms/views/default/addRemove.html: 0
[2013-11-18 16:21:20] EDIT BookWorms/controllers/default.py: 0
